<?xml version="1.1" encoding="UTF-8"?>
<testsuite name="com.ctriposs.bigmap.page.MappedPageTest" tests="2" failures="0" errors="0" timestamp="1970-01-01T00:00:00" hostname="N9OL8YY4Y96NIBY" time="1.390498660731E9">
  <properties/>
  <testcase name="testSingleThread" classname="com.ctriposs.bigmap.page.MappedPageTest" time="0.021"/>
  <testcase name="testMultiThreads" classname="com.ctriposs.bigmap.page.MappedPageTest" time="1.022"/>
  <system-out><![CDATA[]]></system-out>
  <system-err><![CDATA[[Test worker] INFO com.ctriposs.bigmap.page.MappedPageFactoryImpl - Page file d:/bigmap_test/bigmap/unit/mapped_page_test/test_single_thread\page-0.dat was just deleted.
[Test worker] INFO com.ctriposs.bigmap.page.MappedPageFactoryImpl - Page file d:/bigmap_test/bigmap/unit/mapped_page_test/test_multi_threads\page-0.dat was just deleted.
[Test worker] INFO com.ctriposs.bigmap.page.MappedPageFactoryImpl - Page file d:/bigmap_test/bigmap/unit/mapped_page_test/test_multi_threads\page-1.dat was just deleted.
[Test worker] INFO com.ctriposs.bigmap.page.MappedPageFactoryImpl - Page file d:/bigmap_test/bigmap/unit/mapped_page_test/test_multi_threads\page-2.dat was just deleted.
[Test worker] INFO com.ctriposs.bigmap.page.MappedPageFactoryImpl - Page file d:/bigmap_test/bigmap/unit/mapped_page_test/test_multi_threads\page-3.dat was just deleted.
[Test worker] INFO com.ctriposs.bigmap.page.MappedPageFactoryImpl - Page file d:/bigmap_test/bigmap/unit/mapped_page_test/test_multi_threads\page-4.dat was just deleted.
[Test worker] INFO com.ctriposs.bigmap.page.MappedPageFactoryImpl - Page file d:/bigmap_test/bigmap/unit/mapped_page_test/test_multi_threads\page-5.dat was just deleted.
[Test worker] INFO com.ctriposs.bigmap.page.MappedPageFactoryImpl - Page file d:/bigmap_test/bigmap/unit/mapped_page_test/test_multi_threads\page-6.dat was just deleted.
[Test worker] INFO com.ctriposs.bigmap.page.MappedPageFactoryImpl - Page file d:/bigmap_test/bigmap/unit/mapped_page_test/test_multi_threads\page-7.dat was just deleted.
[Test worker] INFO com.ctriposs.bigmap.page.MappedPageFactoryImpl - Page file d:/bigmap_test/bigmap/unit/mapped_page_test/test_multi_threads\page-8.dat was just deleted.
[Test worker] INFO com.ctriposs.bigmap.page.MappedPageFactoryImpl - Page file d:/bigmap_test/bigmap/unit/mapped_page_test/test_multi_threads\page-9.dat was just deleted.
[Test worker] INFO com.ctriposs.bigmap.page.MappedPageFactoryImpl - Page file d:/bigmap_test/bigmap/unit/mapped_page_test/test_multi_threads\page-10.dat was just deleted.
[Test worker] INFO com.ctriposs.bigmap.page.MappedPageFactoryImpl - Page file d:/bigmap_test/bigmap/unit/mapped_page_test/test_multi_threads\page-11.dat was just deleted.
[Test worker] INFO com.ctriposs.bigmap.page.MappedPageFactoryImpl - Page file d:/bigmap_test/bigmap/unit/mapped_page_test/test_multi_threads\page-12.dat was just deleted.
[Test worker] INFO com.ctriposs.bigmap.page.MappedPageFactoryImpl - Page file d:/bigmap_test/bigmap/unit/mapped_page_test/test_multi_threads\page-13.dat was just deleted.
[Test worker] INFO com.ctriposs.bigmap.page.MappedPageFactoryImpl - Page file d:/bigmap_test/bigmap/unit/mapped_page_test/test_multi_threads\page-14.dat was just deleted.
[Test worker] INFO com.ctriposs.bigmap.page.MappedPageFactoryImpl - Page file d:/bigmap_test/bigmap/unit/mapped_page_test/test_multi_threads\page-15.dat was just deleted.
[Test worker] INFO com.ctriposs.bigmap.page.MappedPageFactoryImpl - Page file d:/bigmap_test/bigmap/unit/mapped_page_test/test_multi_threads\page-17.dat was just deleted.
[Test worker] INFO com.ctriposs.bigmap.page.MappedPageFactoryImpl - Page file d:/bigmap_test/bigmap/unit/mapped_page_test/test_multi_threads\page-16.dat was just deleted.
[Test worker] INFO com.ctriposs.bigmap.page.MappedPageFactoryImpl - Page file d:/bigmap_test/bigmap/unit/mapped_page_test/test_multi_threads\page-19.dat was just deleted.
[Test worker] INFO com.ctriposs.bigmap.page.MappedPageFactoryImpl - Page file d:/bigmap_test/bigmap/unit/mapped_page_test/test_multi_threads\page-18.dat was just deleted.
[Test worker] INFO com.ctriposs.bigmap.page.MappedPageFactoryImpl - Page file d:/bigmap_test/bigmap/unit/mapped_page_test/test_multi_threads\page-21.dat was just deleted.
[Test worker] INFO com.ctriposs.bigmap.page.MappedPageFactoryImpl - Page file d:/bigmap_test/bigmap/unit/mapped_page_test/test_multi_threads\page-20.dat was just deleted.
[Test worker] INFO com.ctriposs.bigmap.page.MappedPageFactoryImpl - Page file d:/bigmap_test/bigmap/unit/mapped_page_test/test_multi_threads\page-23.dat was just deleted.
[Test worker] INFO com.ctriposs.bigmap.page.MappedPageFactoryImpl - Page file d:/bigmap_test/bigmap/unit/mapped_page_test/test_multi_threads\page-22.dat was just deleted.
[Test worker] INFO com.ctriposs.bigmap.page.MappedPageFactoryImpl - Page file d:/bigmap_test/bigmap/unit/mapped_page_test/test_multi_threads\page-25.dat was just deleted.
[Test worker] INFO com.ctriposs.bigmap.page.MappedPageFactoryImpl - Page file d:/bigmap_test/bigmap/unit/mapped_page_test/test_multi_threads\page-24.dat was just deleted.
[Test worker] INFO com.ctriposs.bigmap.page.MappedPageFactoryImpl - Page file d:/bigmap_test/bigmap/unit/mapped_page_test/test_multi_threads\page-27.dat was just deleted.
[Test worker] INFO com.ctriposs.bigmap.page.MappedPageFactoryImpl - Page file d:/bigmap_test/bigmap/unit/mapped_page_test/test_multi_threads\page-26.dat was just deleted.
[Test worker] INFO com.ctriposs.bigmap.page.MappedPageFactoryImpl - Page file d:/bigmap_test/bigmap/unit/mapped_page_test/test_multi_threads\page-29.dat was just deleted.
[Test worker] INFO com.ctriposs.bigmap.page.MappedPageFactoryImpl - Page file d:/bigmap_test/bigmap/unit/mapped_page_test/test_multi_threads\page-28.dat was just deleted.
[Test worker] INFO com.ctriposs.bigmap.page.MappedPageFactoryImpl - Page file d:/bigmap_test/bigmap/unit/mapped_page_test/test_multi_threads\page-31.dat was just deleted.
[Test worker] INFO com.ctriposs.bigmap.page.MappedPageFactoryImpl - Page file d:/bigmap_test/bigmap/unit/mapped_page_test/test_multi_threads\page-30.dat was just deleted.
[Test worker] INFO com.ctriposs.bigmap.page.MappedPageFactoryImpl - Page file d:/bigmap_test/bigmap/unit/mapped_page_test/test_multi_threads\page-34.dat was just deleted.
[Test worker] INFO com.ctriposs.bigmap.page.MappedPageFactoryImpl - Page file d:/bigmap_test/bigmap/unit/mapped_page_test/test_multi_threads\page-35.dat was just deleted.
[Test worker] INFO com.ctriposs.bigmap.page.MappedPageFactoryImpl - Page file d:/bigmap_test/bigmap/unit/mapped_page_test/test_multi_threads\page-32.dat was just deleted.
[Test worker] INFO com.ctriposs.bigmap.page.MappedPageFactoryImpl - Page file d:/bigmap_test/bigmap/unit/mapped_page_test/test_multi_threads\page-33.dat was just deleted.
[Test worker] INFO com.ctriposs.bigmap.page.MappedPageFactoryImpl - Page file d:/bigmap_test/bigmap/unit/mapped_page_test/test_multi_threads\page-38.dat was just deleted.
[Test worker] INFO com.ctriposs.bigmap.page.MappedPageFactoryImpl - Page file d:/bigmap_test/bigmap/unit/mapped_page_test/test_multi_threads\page-39.dat was just deleted.
[Test worker] INFO com.ctriposs.bigmap.page.MappedPageFactoryImpl - Page file d:/bigmap_test/bigmap/unit/mapped_page_test/test_multi_threads\page-36.dat was just deleted.
[Test worker] INFO com.ctriposs.bigmap.page.MappedPageFactoryImpl - Page file d:/bigmap_test/bigmap/unit/mapped_page_test/test_multi_threads\page-37.dat was just deleted.
[Test worker] INFO com.ctriposs.bigmap.page.MappedPageFactoryImpl - Page file d:/bigmap_test/bigmap/unit/mapped_page_test/test_multi_threads\page-42.dat was just deleted.
[Test worker] INFO com.ctriposs.bigmap.page.MappedPageFactoryImpl - Page file d:/bigmap_test/bigmap/unit/mapped_page_test/test_multi_threads\page-43.dat was just deleted.
[Test worker] INFO com.ctriposs.bigmap.page.MappedPageFactoryImpl - Page file d:/bigmap_test/bigmap/unit/mapped_page_test/test_multi_threads\page-40.dat was just deleted.
[Test worker] INFO com.ctriposs.bigmap.page.MappedPageFactoryImpl - Page file d:/bigmap_test/bigmap/unit/mapped_page_test/test_multi_threads\page-41.dat was just deleted.
[Test worker] INFO com.ctriposs.bigmap.page.MappedPageFactoryImpl - Page file d:/bigmap_test/bigmap/unit/mapped_page_test/test_multi_threads\page-46.dat was just deleted.
[Test worker] INFO com.ctriposs.bigmap.page.MappedPageFactoryImpl - Page file d:/bigmap_test/bigmap/unit/mapped_page_test/test_multi_threads\page-47.dat was just deleted.
[Test worker] INFO com.ctriposs.bigmap.page.MappedPageFactoryImpl - Page file d:/bigmap_test/bigmap/unit/mapped_page_test/test_multi_threads\page-44.dat was just deleted.
[Test worker] INFO com.ctriposs.bigmap.page.MappedPageFactoryImpl - Page file d:/bigmap_test/bigmap/unit/mapped_page_test/test_multi_threads\page-45.dat was just deleted.
[Test worker] INFO com.ctriposs.bigmap.page.MappedPageFactoryImpl - Page file d:/bigmap_test/bigmap/unit/mapped_page_test/test_multi_threads\page-49.dat was just deleted.
[Test worker] INFO com.ctriposs.bigmap.page.MappedPageFactoryImpl - Page file d:/bigmap_test/bigmap/unit/mapped_page_test/test_multi_threads\page-48.dat was just deleted.
]]></system-err>
</testsuite>
