<?xml version="1.1" encoding="UTF-8"?>
<testsuite name="com.ctriposs.bigmap.page.MappedPageFactoryTest" tests="4" failures="0" errors="0" timestamp="1970-01-01T00:00:00" hostname="N9OL8YY4Y96NIBY" time="1.390498659687E9">
  <properties/>
  <testcase name="testSingleThread" classname="com.ctriposs.bigmap.page.MappedPageFactoryTest" time="5.486"/>
  <testcase name="testGetBackPageFileSet" classname="com.ctriposs.bigmap.page.MappedPageFactoryTest" time="0.0070"/>
  <testcase name="testGetBackPageFileSize" classname="com.ctriposs.bigmap.page.MappedPageFactoryTest" time="0.041"/>
  <testcase name="testMultiThreads" classname="com.ctriposs.bigmap.page.MappedPageFactoryTest" time="2.974"/>
  <system-out><![CDATA[]]></system-out>
  <system-err><![CDATA[[Test worker] INFO com.ctriposs.bigmap.page.MappedPageFactoryImpl - Page file d:/bigmap_test/bigmap/unit/mapped_page_factory_test/test_single_thread\page-0.dat was just deleted.
[Test worker] INFO com.ctriposs.bigmap.page.MappedPageFactoryImpl - Page file d:/bigmap_test/bigmap/unit/mapped_page_factory_test/test_single_thread\page-1.dat was just deleted.
[Test worker] INFO com.ctriposs.bigmap.page.MappedPageFactoryImpl - Page file d:/bigmap_test/bigmap/unit/mapped_page_factory_test/test_single_thread\page-2.dat was just deleted.
[Test worker] INFO com.ctriposs.bigmap.page.MappedPageFactoryImpl - Page file d:/bigmap_test/bigmap/unit/mapped_page_factory_test/test_single_thread\page-3.dat was just deleted.
[Test worker] INFO com.ctriposs.bigmap.page.MappedPageFactoryImpl - Page file d:/bigmap_test/bigmap/unit/mapped_page_factory_test/test_single_thread\page-4.dat was just deleted.
[Test worker] INFO com.ctriposs.bigmap.page.MappedPageFactoryImpl - Page file d:/bigmap_test/bigmap/unit/mapped_page_factory_test/test_single_thread\page-5.dat was just deleted.
[Test worker] INFO com.ctriposs.bigmap.page.MappedPageFactoryImpl - Page file d:/bigmap_test/bigmap/unit/mapped_page_factory_test/test_single_thread\page-6.dat was just deleted.
[Test worker] INFO com.ctriposs.bigmap.page.MappedPageFactoryImpl - Page file d:/bigmap_test/bigmap/unit/mapped_page_factory_test/test_single_thread\page-7.dat was just deleted.
[Test worker] INFO com.ctriposs.bigmap.page.MappedPageFactoryImpl - Page file d:/bigmap_test/bigmap/unit/mapped_page_factory_test/test_single_thread\page-8.dat was just deleted.
[Test worker] INFO com.ctriposs.bigmap.page.MappedPageFactoryImpl - Page file d:/bigmap_test/bigmap/unit/mapped_page_factory_test/test_single_thread\page-9.dat was just deleted.
[Test worker] INFO com.ctriposs.bigmap.page.MappedPageFactoryImpl - Page file d:/bigmap_test/bigmap/unit/mapped_page_factory_test/test_single_thread\page-10.dat was just deleted.
[Test worker] INFO com.ctriposs.bigmap.page.MappedPageFactoryImpl - Page file d:/bigmap_test/bigmap/unit/mapped_page_factory_test/test_single_thread\page-11.dat was just deleted.
[Test worker] INFO com.ctriposs.bigmap.page.MappedPageFactoryImpl - Page file d:/bigmap_test/bigmap/unit/mapped_page_factory_test/test_single_thread\page-12.dat was just deleted.
[Test worker] INFO com.ctriposs.bigmap.page.MappedPageFactoryImpl - Page file d:/bigmap_test/bigmap/unit/mapped_page_factory_test/test_single_thread\page-13.dat was just deleted.
[Test worker] INFO com.ctriposs.bigmap.page.MappedPageFactoryImpl - Page file d:/bigmap_test/bigmap/unit/mapped_page_factory_test/test_single_thread\page-14.dat was just deleted.
[Test worker] INFO com.ctriposs.bigmap.page.MappedPageFactoryImpl - Page file d:/bigmap_test/bigmap/unit/mapped_page_factory_test/test_single_thread\page-15.dat was just deleted.
[Test worker] INFO com.ctriposs.bigmap.page.MappedPageFactoryImpl - Page file d:/bigmap_test/bigmap/unit/mapped_page_factory_test/test_single_thread\page-16.dat was just deleted.
[Test worker] INFO com.ctriposs.bigmap.page.MappedPageFactoryImpl - Page file d:/bigmap_test/bigmap/unit/mapped_page_factory_test/test_single_thread\page-17.dat was just deleted.
[Test worker] INFO com.ctriposs.bigmap.page.MappedPageFactoryImpl - Page file d:/bigmap_test/bigmap/unit/mapped_page_factory_test/test_single_thread\page-18.dat was just deleted.
[Test worker] INFO com.ctriposs.bigmap.page.MappedPageFactoryImpl - Page file d:/bigmap_test/bigmap/unit/mapped_page_factory_test/test_single_thread\page-19.dat was just deleted.
[Test worker] INFO com.ctriposs.bigmap.page.MappedPageFactoryImpl - Page file d:/bigmap_test/bigmap/unit/mapped_page_factory_test/test_single_thread\page-20.dat was just deleted.
[Test worker] INFO com.ctriposs.bigmap.page.MappedPageFactoryImpl - Page file d:/bigmap_test/bigmap/unit/mapped_page_factory_test/test_single_thread\page-21.dat was just deleted.
[Test worker] INFO com.ctriposs.bigmap.page.MappedPageFactoryImpl - Page file d:/bigmap_test/bigmap/unit/mapped_page_factory_test/test_single_thread\page-22.dat was just deleted.
[Test worker] INFO com.ctriposs.bigmap.page.MappedPageFactoryImpl - Page file d:/bigmap_test/bigmap/unit/mapped_page_factory_test/test_single_thread\page-23.dat was just deleted.
[Test worker] INFO com.ctriposs.bigmap.page.MappedPageFactoryImpl - Page file d:/bigmap_test/bigmap/unit/mapped_page_factory_test/test_single_thread\page-24.dat was just deleted.
[Test worker] INFO com.ctriposs.bigmap.page.MappedPageFactoryImpl - Page file d:/bigmap_test/bigmap/unit/mapped_page_factory_test/test_single_thread\page-25.dat was just deleted.
[Test worker] INFO com.ctriposs.bigmap.page.MappedPageFactoryImpl - Page file d:/bigmap_test/bigmap/unit/mapped_page_factory_test/test_single_thread\page-26.dat was just deleted.
[Test worker] INFO com.ctriposs.bigmap.page.MappedPageFactoryImpl - Page file d:/bigmap_test/bigmap/unit/mapped_page_factory_test/test_single_thread\page-27.dat was just deleted.
[Test worker] INFO com.ctriposs.bigmap.page.MappedPageFactoryImpl - Page file d:/bigmap_test/bigmap/unit/mapped_page_factory_test/test_single_thread\page-28.dat was just deleted.
[Test worker] INFO com.ctriposs.bigmap.page.MappedPageFactoryImpl - Page file d:/bigmap_test/bigmap/unit/mapped_page_factory_test/test_single_thread\page-29.dat was just deleted.
[Test worker] INFO com.ctriposs.bigmap.page.MappedPageFactoryImpl - Page file d:/bigmap_test/bigmap/unit/mapped_page_factory_test/test_single_thread\page-30.dat was just deleted.
[Test worker] INFO com.ctriposs.bigmap.page.MappedPageFactoryImpl - Page file d:/bigmap_test/bigmap/unit/mapped_page_factory_test/test_single_thread\page-31.dat was just deleted.
[Test worker] INFO com.ctriposs.bigmap.page.MappedPageFactoryImpl - Page file d:/bigmap_test/bigmap/unit/mapped_page_factory_test/test_single_thread\page-32.dat was just deleted.
[Test worker] INFO com.ctriposs.bigmap.page.MappedPageFactoryImpl - Page file d:/bigmap_test/bigmap/unit/mapped_page_factory_test/test_single_thread\page-33.dat was just deleted.
[Test worker] INFO com.ctriposs.bigmap.page.MappedPageFactoryImpl - Page file d:/bigmap_test/bigmap/unit/mapped_page_factory_test/test_single_thread\page-34.dat was just deleted.
[Test worker] INFO com.ctriposs.bigmap.page.MappedPageFactoryImpl - Page file d:/bigmap_test/bigmap/unit/mapped_page_factory_test/test_single_thread\page-35.dat was just deleted.
[Test worker] INFO com.ctriposs.bigmap.page.MappedPageFactoryImpl - Page file d:/bigmap_test/bigmap/unit/mapped_page_factory_test/test_single_thread\page-36.dat was just deleted.
[Test worker] INFO com.ctriposs.bigmap.page.MappedPageFactoryImpl - Page file d:/bigmap_test/bigmap/unit/mapped_page_factory_test/test_single_thread\page-37.dat was just deleted.
[Test worker] INFO com.ctriposs.bigmap.page.MappedPageFactoryImpl - Page file d:/bigmap_test/bigmap/unit/mapped_page_factory_test/test_single_thread\page-38.dat was just deleted.
[Test worker] INFO com.ctriposs.bigmap.page.MappedPageFactoryImpl - Page file d:/bigmap_test/bigmap/unit/mapped_page_factory_test/test_single_thread\page-39.dat was just deleted.
[Test worker] INFO com.ctriposs.bigmap.page.MappedPageFactoryImpl - Page file d:/bigmap_test/bigmap/unit/mapped_page_factory_test/test_single_thread\page-40.dat was just deleted.
[Test worker] INFO com.ctriposs.bigmap.page.MappedPageFactoryImpl - Page file d:/bigmap_test/bigmap/unit/mapped_page_factory_test/test_single_thread\page-41.dat was just deleted.
[Test worker] INFO com.ctriposs.bigmap.page.MappedPageFactoryImpl - Page file d:/bigmap_test/bigmap/unit/mapped_page_factory_test/test_single_thread\page-42.dat was just deleted.
[Test worker] INFO com.ctriposs.bigmap.page.MappedPageFactoryImpl - Page file d:/bigmap_test/bigmap/unit/mapped_page_factory_test/test_single_thread\page-43.dat was just deleted.
[Test worker] INFO com.ctriposs.bigmap.page.MappedPageFactoryImpl - Page file d:/bigmap_test/bigmap/unit/mapped_page_factory_test/test_single_thread\page-44.dat was just deleted.
[Test worker] INFO com.ctriposs.bigmap.page.MappedPageFactoryImpl - Page file d:/bigmap_test/bigmap/unit/mapped_page_factory_test/test_single_thread\page-45.dat was just deleted.
[Test worker] INFO com.ctriposs.bigmap.page.MappedPageFactoryImpl - Page file d:/bigmap_test/bigmap/unit/mapped_page_factory_test/test_single_thread\page-46.dat was just deleted.
[Test worker] INFO com.ctriposs.bigmap.page.MappedPageFactoryImpl - Page file d:/bigmap_test/bigmap/unit/mapped_page_factory_test/test_single_thread\page-47.dat was just deleted.
[Test worker] INFO com.ctriposs.bigmap.page.MappedPageFactoryImpl - Page file d:/bigmap_test/bigmap/unit/mapped_page_factory_test/test_single_thread\page-48.dat was just deleted.
[Test worker] INFO com.ctriposs.bigmap.page.MappedPageFactoryImpl - Page file d:/bigmap_test/bigmap/unit/mapped_page_factory_test/test_single_thread\page-49.dat was just deleted.
[Test worker] INFO com.ctriposs.bigmap.page.MappedPageFactoryImpl - Page file d:/bigmap_test/bigmap/unit/mapped_page_factory_test/test_single_thread\page-51.dat was just deleted.
[Test worker] INFO com.ctriposs.bigmap.page.MappedPageFactoryImpl - Page file d:/bigmap_test/bigmap/unit/mapped_page_factory_test/test_single_thread\page-50.dat was just deleted.
[Test worker] INFO com.ctriposs.bigmap.page.MappedPageFactoryImpl - Page file d:/bigmap_test/bigmap/unit/mapped_page_factory_test/test_single_thread\page-55.dat was just deleted.
[Test worker] INFO com.ctriposs.bigmap.page.MappedPageFactoryImpl - Page file d:/bigmap_test/bigmap/unit/mapped_page_factory_test/test_single_thread\page-54.dat was just deleted.
[Test worker] INFO com.ctriposs.bigmap.page.MappedPageFactoryImpl - Page file d:/bigmap_test/bigmap/unit/mapped_page_factory_test/test_single_thread\page-53.dat was just deleted.
[Test worker] INFO com.ctriposs.bigmap.page.MappedPageFactoryImpl - Page file d:/bigmap_test/bigmap/unit/mapped_page_factory_test/test_single_thread\page-52.dat was just deleted.
[Test worker] INFO com.ctriposs.bigmap.page.MappedPageFactoryImpl - Page file d:/bigmap_test/bigmap/unit/mapped_page_factory_test/test_single_thread\page-59.dat was just deleted.
[Test worker] INFO com.ctriposs.bigmap.page.MappedPageFactoryImpl - Page file d:/bigmap_test/bigmap/unit/mapped_page_factory_test/test_single_thread\page-58.dat was just deleted.
[Test worker] INFO com.ctriposs.bigmap.page.MappedPageFactoryImpl - Page file d:/bigmap_test/bigmap/unit/mapped_page_factory_test/test_single_thread\page-57.dat was just deleted.
[Test worker] INFO com.ctriposs.bigmap.page.MappedPageFactoryImpl - Page file d:/bigmap_test/bigmap/unit/mapped_page_factory_test/test_single_thread\page-56.dat was just deleted.
[Test worker] INFO com.ctriposs.bigmap.page.MappedPageFactoryImpl - Page file d:/bigmap_test/bigmap/unit/mapped_page_factory_test/test_single_thread\page-63.dat was just deleted.
[Test worker] INFO com.ctriposs.bigmap.page.MappedPageFactoryImpl - Page file d:/bigmap_test/bigmap/unit/mapped_page_factory_test/test_single_thread\page-62.dat was just deleted.
[Test worker] INFO com.ctriposs.bigmap.page.MappedPageFactoryImpl - Page file d:/bigmap_test/bigmap/unit/mapped_page_factory_test/test_single_thread\page-61.dat was just deleted.
[Test worker] INFO com.ctriposs.bigmap.page.MappedPageFactoryImpl - Page file d:/bigmap_test/bigmap/unit/mapped_page_factory_test/test_single_thread\page-60.dat was just deleted.
[Test worker] INFO com.ctriposs.bigmap.page.MappedPageFactoryImpl - Page file d:/bigmap_test/bigmap/unit/mapped_page_factory_test/test_single_thread\page-68.dat was just deleted.
[Test worker] INFO com.ctriposs.bigmap.page.MappedPageFactoryImpl - Page file d:/bigmap_test/bigmap/unit/mapped_page_factory_test/test_single_thread\page-69.dat was just deleted.
[Test worker] INFO com.ctriposs.bigmap.page.MappedPageFactoryImpl - Page file d:/bigmap_test/bigmap/unit/mapped_page_factory_test/test_single_thread\page-70.dat was just deleted.
[Test worker] INFO com.ctriposs.bigmap.page.MappedPageFactoryImpl - Page file d:/bigmap_test/bigmap/unit/mapped_page_factory_test/test_single_thread\page-71.dat was just deleted.
[Test worker] INFO com.ctriposs.bigmap.page.MappedPageFactoryImpl - Page file d:/bigmap_test/bigmap/unit/mapped_page_factory_test/test_single_thread\page-64.dat was just deleted.
[Test worker] INFO com.ctriposs.bigmap.page.MappedPageFactoryImpl - Page file d:/bigmap_test/bigmap/unit/mapped_page_factory_test/test_single_thread\page-65.dat was just deleted.
[Test worker] INFO com.ctriposs.bigmap.page.MappedPageFactoryImpl - Page file d:/bigmap_test/bigmap/unit/mapped_page_factory_test/test_single_thread\page-66.dat was just deleted.
[Test worker] INFO com.ctriposs.bigmap.page.MappedPageFactoryImpl - Page file d:/bigmap_test/bigmap/unit/mapped_page_factory_test/test_single_thread\page-67.dat was just deleted.
[Test worker] INFO com.ctriposs.bigmap.page.MappedPageFactoryImpl - Page file d:/bigmap_test/bigmap/unit/mapped_page_factory_test/test_single_thread\page-76.dat was just deleted.
[Test worker] INFO com.ctriposs.bigmap.page.MappedPageFactoryImpl - Page file d:/bigmap_test/bigmap/unit/mapped_page_factory_test/test_single_thread\page-77.dat was just deleted.
[Test worker] INFO com.ctriposs.bigmap.page.MappedPageFactoryImpl - Page file d:/bigmap_test/bigmap/unit/mapped_page_factory_test/test_single_thread\page-78.dat was just deleted.
[Test worker] INFO com.ctriposs.bigmap.page.MappedPageFactoryImpl - Page file d:/bigmap_test/bigmap/unit/mapped_page_factory_test/test_single_thread\page-79.dat was just deleted.
[Test worker] INFO com.ctriposs.bigmap.page.MappedPageFactoryImpl - Page file d:/bigmap_test/bigmap/unit/mapped_page_factory_test/test_single_thread\page-72.dat was just deleted.
[Test worker] INFO com.ctriposs.bigmap.page.MappedPageFactoryImpl - Page file d:/bigmap_test/bigmap/unit/mapped_page_factory_test/test_single_thread\page-73.dat was just deleted.
[Test worker] INFO com.ctriposs.bigmap.page.MappedPageFactoryImpl - Page file d:/bigmap_test/bigmap/unit/mapped_page_factory_test/test_single_thread\page-74.dat was just deleted.
[Test worker] INFO com.ctriposs.bigmap.page.MappedPageFactoryImpl - Page file d:/bigmap_test/bigmap/unit/mapped_page_factory_test/test_single_thread\page-75.dat was just deleted.
[Test worker] INFO com.ctriposs.bigmap.page.MappedPageFactoryImpl - Page file d:/bigmap_test/bigmap/unit/mapped_page_factory_test/test_single_thread\page-85.dat was just deleted.
[Test worker] INFO com.ctriposs.bigmap.page.MappedPageFactoryImpl - Page file d:/bigmap_test/bigmap/unit/mapped_page_factory_test/test_single_thread\page-84.dat was just deleted.
[Test worker] INFO com.ctriposs.bigmap.page.MappedPageFactoryImpl - Page file d:/bigmap_test/bigmap/unit/mapped_page_factory_test/test_single_thread\page-87.dat was just deleted.
[Test worker] INFO com.ctriposs.bigmap.page.MappedPageFactoryImpl - Page file d:/bigmap_test/bigmap/unit/mapped_page_factory_test/test_single_thread\page-86.dat was just deleted.
[Test worker] INFO com.ctriposs.bigmap.page.MappedPageFactoryImpl - Page file d:/bigmap_test/bigmap/unit/mapped_page_factory_test/test_single_thread\page-81.dat was just deleted.
[Test worker] INFO com.ctriposs.bigmap.page.MappedPageFactoryImpl - Page file d:/bigmap_test/bigmap/unit/mapped_page_factory_test/test_single_thread\page-80.dat was just deleted.
[Test worker] INFO com.ctriposs.bigmap.page.MappedPageFactoryImpl - Page file d:/bigmap_test/bigmap/unit/mapped_page_factory_test/test_single_thread\page-83.dat was just deleted.
[Test worker] INFO com.ctriposs.bigmap.page.MappedPageFactoryImpl - Page file d:/bigmap_test/bigmap/unit/mapped_page_factory_test/test_single_thread\page-82.dat was just deleted.
[Test worker] INFO com.ctriposs.bigmap.page.MappedPageFactoryImpl - Page file d:/bigmap_test/bigmap/unit/mapped_page_factory_test/test_single_thread\page-93.dat was just deleted.
[Test worker] INFO com.ctriposs.bigmap.page.MappedPageFactoryImpl - Page file d:/bigmap_test/bigmap/unit/mapped_page_factory_test/test_single_thread\page-92.dat was just deleted.
[Test worker] INFO com.ctriposs.bigmap.page.MappedPageFactoryImpl - Page file d:/bigmap_test/bigmap/unit/mapped_page_factory_test/test_single_thread\page-95.dat was just deleted.
[Test worker] INFO com.ctriposs.bigmap.page.MappedPageFactoryImpl - Page file d:/bigmap_test/bigmap/unit/mapped_page_factory_test/test_single_thread\page-94.dat was just deleted.
[Test worker] INFO com.ctriposs.bigmap.page.MappedPageFactoryImpl - Page file d:/bigmap_test/bigmap/unit/mapped_page_factory_test/test_single_thread\page-89.dat was just deleted.
[Test worker] INFO com.ctriposs.bigmap.page.MappedPageFactoryImpl - Page file d:/bigmap_test/bigmap/unit/mapped_page_factory_test/test_single_thread\page-88.dat was just deleted.
[Test worker] INFO com.ctriposs.bigmap.page.MappedPageFactoryImpl - Page file d:/bigmap_test/bigmap/unit/mapped_page_factory_test/test_single_thread\page-91.dat was just deleted.
[Test worker] INFO com.ctriposs.bigmap.page.MappedPageFactoryImpl - Page file d:/bigmap_test/bigmap/unit/mapped_page_factory_test/test_single_thread\page-90.dat was just deleted.
[Test worker] INFO com.ctriposs.bigmap.page.MappedPageFactoryImpl - Page file d:/bigmap_test/bigmap/unit/mapped_page_factory_test/test_single_thread\page-98.dat was just deleted.
[Test worker] INFO com.ctriposs.bigmap.page.MappedPageFactoryImpl - Page file d:/bigmap_test/bigmap/unit/mapped_page_factory_test/test_single_thread\page-99.dat was just deleted.
[Test worker] INFO com.ctriposs.bigmap.page.MappedPageFactoryImpl - Page file d:/bigmap_test/bigmap/unit/mapped_page_factory_test/test_single_thread\page-96.dat was just deleted.
[Test worker] INFO com.ctriposs.bigmap.page.MappedPageFactoryImpl - Page file d:/bigmap_test/bigmap/unit/mapped_page_factory_test/test_single_thread\page-97.dat was just deleted.
[Test worker] INFO com.ctriposs.bigmap.page.MappedPageFactoryImpl - Page file d:/bigmap_test/bigmap/unit/mapped_page_factory_test/test_single_thread\page-0.dat was just deleted.
[Test worker] INFO com.ctriposs.bigmap.page.MappedPageFactoryImpl - Page file d:/bigmap_test/bigmap/unit/mapped_page_factory_test/test_single_thread\page-1.dat was just deleted.
[Test worker] INFO com.ctriposs.bigmap.page.MappedPageFactoryImpl - Page file d:/bigmap_test/bigmap/unit/mapped_page_factory_test/test_single_thread\page-2.dat was just deleted.
[Test worker] INFO com.ctriposs.bigmap.page.MappedPageFactoryImpl - Page file d:/bigmap_test/bigmap/unit/mapped_page_factory_test/test_single_thread\page-3.dat was just deleted.
[Test worker] INFO com.ctriposs.bigmap.page.MappedPageFactoryImpl - Page file d:/bigmap_test/bigmap/unit/mapped_page_factory_test/test_single_thread\page-4.dat was just deleted.
[Test worker] INFO com.ctriposs.bigmap.page.MappedPageFactoryImpl - Page file d:/bigmap_test/bigmap/unit/mapped_page_factory_test/test_single_thread\page-0.dat was just deleted.
[Test worker] INFO com.ctriposs.bigmap.page.MappedPageFactoryImpl - Page file d:/bigmap_test/bigmap/unit/mapped_page_factory_test/test_single_thread\page-1.dat was just deleted.
[Test worker] INFO com.ctriposs.bigmap.page.MappedPageFactoryImpl - Page file d:/bigmap_test/bigmap/unit/mapped_page_factory_test/test_single_thread\page-2.dat was just deleted.
[Test worker] INFO com.ctriposs.bigmap.page.MappedPageFactoryImpl - Page file d:/bigmap_test/bigmap/unit/mapped_page_factory_test/test_single_thread\page-3.dat was just deleted.
[Test worker] INFO com.ctriposs.bigmap.page.MappedPageFactoryImpl - Page file d:/bigmap_test/bigmap/unit/mapped_page_factory_test/test_single_thread\page-4.dat was just deleted.
[Test worker] INFO com.ctriposs.bigmap.page.MappedPageFactoryImpl - Page file d:/bigmap_test/bigmap/unit/mapped_page_factory_test/test_single_thread\page-5.dat was just deleted.
[Test worker] INFO com.ctriposs.bigmap.page.MappedPageFactoryImpl - Page file d:/bigmap_test/bigmap/unit/mapped_page_factory_test/test_single_thread\page-6.dat was just deleted.
[Test worker] INFO com.ctriposs.bigmap.page.MappedPageFactoryImpl - Page file d:/bigmap_test/bigmap/unit/mapped_page_factory_test/test_single_thread\page-7.dat was just deleted.
[Test worker] INFO com.ctriposs.bigmap.page.MappedPageFactoryImpl - Page file d:/bigmap_test/bigmap/unit/mapped_page_factory_test/test_single_thread\page-8.dat was just deleted.
[Test worker] INFO com.ctriposs.bigmap.page.MappedPageFactoryImpl - Page file d:/bigmap_test/bigmap/unit/mapped_page_factory_test/test_single_thread\page-9.dat was just deleted.
[Test worker] INFO com.ctriposs.bigmap.page.MappedPageFactoryImpl - Page file d:/bigmap_test/bigmap/unit/mapped_page_factory_test/test_single_thread\page-10.dat was just deleted.
[Test worker] INFO com.ctriposs.bigmap.page.MappedPageFactoryImpl - Page file d:/bigmap_test/bigmap/unit/mapped_page_factory_test/test_single_thread\page-11.dat was just deleted.
[Test worker] INFO com.ctriposs.bigmap.page.MappedPageFactoryImpl - Page file d:/bigmap_test/bigmap/unit/mapped_page_factory_test/test_single_thread\page-12.dat was just deleted.
[Test worker] INFO com.ctriposs.bigmap.page.MappedPageFactoryImpl - Page file d:/bigmap_test/bigmap/unit/mapped_page_factory_test/test_single_thread\page-13.dat was just deleted.
[Test worker] INFO com.ctriposs.bigmap.page.MappedPageFactoryImpl - Page file d:/bigmap_test/bigmap/unit/mapped_page_factory_test/test_single_thread\page-14.dat was just deleted.
[Test worker] INFO com.ctriposs.bigmap.page.MappedPageFactoryImpl - Page file d:/bigmap_test/bigmap/unit/mapped_page_factory_test/test_single_thread\page-15.dat was just deleted.
[Test worker] INFO com.ctriposs.bigmap.page.MappedPageFactoryImpl - Page file d:/bigmap_test/bigmap/unit/mapped_page_factory_test/test_single_thread\page-17.dat was just deleted.
[Test worker] INFO com.ctriposs.bigmap.page.MappedPageFactoryImpl - Page file d:/bigmap_test/bigmap/unit/mapped_page_factory_test/test_single_thread\page-16.dat was just deleted.
[Test worker] INFO com.ctriposs.bigmap.page.MappedPageFactoryImpl - Page file d:/bigmap_test/bigmap/unit/mapped_page_factory_test/test_single_thread\page-19.dat was just deleted.
[Test worker] INFO com.ctriposs.bigmap.page.MappedPageFactoryImpl - Page file d:/bigmap_test/bigmap/unit/mapped_page_factory_test/test_single_thread\page-18.dat was just deleted.
[Test worker] INFO com.ctriposs.bigmap.page.MappedPageFactoryImpl - Page file d:/bigmap_test/bigmap/unit/mapped_page_factory_test/test_single_thread\page-21.dat was just deleted.
[Test worker] INFO com.ctriposs.bigmap.page.MappedPageFactoryImpl - Page file d:/bigmap_test/bigmap/unit/mapped_page_factory_test/test_single_thread\page-20.dat was just deleted.
[Test worker] INFO com.ctriposs.bigmap.page.MappedPageFactoryImpl - Page file d:/bigmap_test/bigmap/unit/mapped_page_factory_test/test_single_thread\page-23.dat was just deleted.
[Test worker] INFO com.ctriposs.bigmap.page.MappedPageFactoryImpl - Page file d:/bigmap_test/bigmap/unit/mapped_page_factory_test/test_single_thread\page-22.dat was just deleted.
[Test worker] INFO com.ctriposs.bigmap.page.MappedPageFactoryImpl - Page file d:/bigmap_test/bigmap/unit/mapped_page_factory_test/test_single_thread\page-25.dat was just deleted.
[Test worker] INFO com.ctriposs.bigmap.page.MappedPageFactoryImpl - Page file d:/bigmap_test/bigmap/unit/mapped_page_factory_test/test_single_thread\page-24.dat was just deleted.
[Test worker] INFO com.ctriposs.bigmap.page.MappedPageFactoryImpl - Page file d:/bigmap_test/bigmap/unit/mapped_page_factory_test/test_single_thread\page-27.dat was just deleted.
[Test worker] INFO com.ctriposs.bigmap.page.MappedPageFactoryImpl - Page file d:/bigmap_test/bigmap/unit/mapped_page_factory_test/test_single_thread\page-26.dat was just deleted.
[Test worker] INFO com.ctriposs.bigmap.page.MappedPageFactoryImpl - Page file d:/bigmap_test/bigmap/unit/mapped_page_factory_test/test_single_thread\page-29.dat was just deleted.
[Test worker] INFO com.ctriposs.bigmap.page.MappedPageFactoryImpl - Page file d:/bigmap_test/bigmap/unit/mapped_page_factory_test/test_single_thread\page-28.dat was just deleted.
[Test worker] INFO com.ctriposs.bigmap.page.MappedPageFactoryImpl - Page file d:/bigmap_test/bigmap/unit/mapped_page_factory_test/test_single_thread\page-31.dat was just deleted.
[Test worker] INFO com.ctriposs.bigmap.page.MappedPageFactoryImpl - Page file d:/bigmap_test/bigmap/unit/mapped_page_factory_test/test_single_thread\page-30.dat was just deleted.
[Test worker] INFO com.ctriposs.bigmap.page.MappedPageFactoryImpl - Page file d:/bigmap_test/bigmap/unit/mapped_page_factory_test/test_single_thread\page-34.dat was just deleted.
[Test worker] INFO com.ctriposs.bigmap.page.MappedPageFactoryImpl - Page file d:/bigmap_test/bigmap/unit/mapped_page_factory_test/test_single_thread\page-35.dat was just deleted.
[Test worker] INFO com.ctriposs.bigmap.page.MappedPageFactoryImpl - Page file d:/bigmap_test/bigmap/unit/mapped_page_factory_test/test_single_thread\page-32.dat was just deleted.
[Test worker] INFO com.ctriposs.bigmap.page.MappedPageFactoryImpl - Page file d:/bigmap_test/bigmap/unit/mapped_page_factory_test/test_single_thread\page-33.dat was just deleted.
[Test worker] INFO com.ctriposs.bigmap.page.MappedPageFactoryImpl - Page file d:/bigmap_test/bigmap/unit/mapped_page_factory_test/test_single_thread\page-38.dat was just deleted.
[Test worker] INFO com.ctriposs.bigmap.page.MappedPageFactoryImpl - Page file d:/bigmap_test/bigmap/unit/mapped_page_factory_test/test_single_thread\page-39.dat was just deleted.
[Test worker] INFO com.ctriposs.bigmap.page.MappedPageFactoryImpl - Page file d:/bigmap_test/bigmap/unit/mapped_page_factory_test/test_single_thread\page-36.dat was just deleted.
[Test worker] INFO com.ctriposs.bigmap.page.MappedPageFactoryImpl - Page file d:/bigmap_test/bigmap/unit/mapped_page_factory_test/test_single_thread\page-37.dat was just deleted.
[Test worker] INFO com.ctriposs.bigmap.page.MappedPageFactoryImpl - Page file d:/bigmap_test/bigmap/unit/mapped_page_factory_test/test_single_thread\page-42.dat was just deleted.
[Test worker] INFO com.ctriposs.bigmap.page.MappedPageFactoryImpl - Page file d:/bigmap_test/bigmap/unit/mapped_page_factory_test/test_single_thread\page-43.dat was just deleted.
[Test worker] INFO com.ctriposs.bigmap.page.MappedPageFactoryImpl - Page file d:/bigmap_test/bigmap/unit/mapped_page_factory_test/test_single_thread\page-40.dat was just deleted.
[Test worker] INFO com.ctriposs.bigmap.page.MappedPageFactoryImpl - Page file d:/bigmap_test/bigmap/unit/mapped_page_factory_test/test_single_thread\page-41.dat was just deleted.
[Test worker] INFO com.ctriposs.bigmap.page.MappedPageFactoryImpl - Page file d:/bigmap_test/bigmap/unit/mapped_page_factory_test/test_single_thread\page-46.dat was just deleted.
[Test worker] INFO com.ctriposs.bigmap.page.MappedPageFactoryImpl - Page file d:/bigmap_test/bigmap/unit/mapped_page_factory_test/test_single_thread\page-47.dat was just deleted.
[Test worker] INFO com.ctriposs.bigmap.page.MappedPageFactoryImpl - Page file d:/bigmap_test/bigmap/unit/mapped_page_factory_test/test_single_thread\page-44.dat was just deleted.
[Test worker] INFO com.ctriposs.bigmap.page.MappedPageFactoryImpl - Page file d:/bigmap_test/bigmap/unit/mapped_page_factory_test/test_single_thread\page-45.dat was just deleted.
[Test worker] INFO com.ctriposs.bigmap.page.MappedPageFactoryImpl - Page file d:/bigmap_test/bigmap/unit/mapped_page_factory_test/test_single_thread\page-51.dat was just deleted.
[Test worker] INFO com.ctriposs.bigmap.page.MappedPageFactoryImpl - Page file d:/bigmap_test/bigmap/unit/mapped_page_factory_test/test_single_thread\page-50.dat was just deleted.
[Test worker] INFO com.ctriposs.bigmap.page.MappedPageFactoryImpl - Page file d:/bigmap_test/bigmap/unit/mapped_page_factory_test/test_single_thread\page-49.dat was just deleted.
[Test worker] INFO com.ctriposs.bigmap.page.MappedPageFactoryImpl - Page file d:/bigmap_test/bigmap/unit/mapped_page_factory_test/test_single_thread\page-48.dat was just deleted.
[Test worker] INFO com.ctriposs.bigmap.page.MappedPageFactoryImpl - Page file d:/bigmap_test/bigmap/unit/mapped_page_factory_test/test_single_thread\page-55.dat was just deleted.
[Test worker] INFO com.ctriposs.bigmap.page.MappedPageFactoryImpl - Page file d:/bigmap_test/bigmap/unit/mapped_page_factory_test/test_single_thread\page-54.dat was just deleted.
[Test worker] INFO com.ctriposs.bigmap.page.MappedPageFactoryImpl - Page file d:/bigmap_test/bigmap/unit/mapped_page_factory_test/test_single_thread\page-53.dat was just deleted.
[Test worker] INFO com.ctriposs.bigmap.page.MappedPageFactoryImpl - Page file d:/bigmap_test/bigmap/unit/mapped_page_factory_test/test_single_thread\page-52.dat was just deleted.
[Test worker] INFO com.ctriposs.bigmap.page.MappedPageFactoryImpl - Page file d:/bigmap_test/bigmap/unit/mapped_page_factory_test/test_single_thread\page-59.dat was just deleted.
[Test worker] INFO com.ctriposs.bigmap.page.MappedPageFactoryImpl - Page file d:/bigmap_test/bigmap/unit/mapped_page_factory_test/test_single_thread\page-58.dat was just deleted.
[Test worker] INFO com.ctriposs.bigmap.page.MappedPageFactoryImpl - Page file d:/bigmap_test/bigmap/unit/mapped_page_factory_test/test_single_thread\page-57.dat was just deleted.
[Test worker] INFO com.ctriposs.bigmap.page.MappedPageFactoryImpl - Page file d:/bigmap_test/bigmap/unit/mapped_page_factory_test/test_single_thread\page-56.dat was just deleted.
[Test worker] INFO com.ctriposs.bigmap.page.MappedPageFactoryImpl - Page file d:/bigmap_test/bigmap/unit/mapped_page_factory_test/test_single_thread\page-63.dat was just deleted.
[Test worker] INFO com.ctriposs.bigmap.page.MappedPageFactoryImpl - Page file d:/bigmap_test/bigmap/unit/mapped_page_factory_test/test_single_thread\page-62.dat was just deleted.
[Test worker] INFO com.ctriposs.bigmap.page.MappedPageFactoryImpl - Page file d:/bigmap_test/bigmap/unit/mapped_page_factory_test/test_single_thread\page-61.dat was just deleted.
[Test worker] INFO com.ctriposs.bigmap.page.MappedPageFactoryImpl - Page file d:/bigmap_test/bigmap/unit/mapped_page_factory_test/test_single_thread\page-60.dat was just deleted.
[Test worker] INFO com.ctriposs.bigmap.page.MappedPageFactoryImpl - Page file d:/bigmap_test/bigmap/unit/mapped_page_factory_test/test_single_thread\page-68.dat was just deleted.
[Test worker] INFO com.ctriposs.bigmap.page.MappedPageFactoryImpl - Page file d:/bigmap_test/bigmap/unit/mapped_page_factory_test/test_single_thread\page-69.dat was just deleted.
[Test worker] INFO com.ctriposs.bigmap.page.MappedPageFactoryImpl - Page file d:/bigmap_test/bigmap/unit/mapped_page_factory_test/test_single_thread\page-70.dat was just deleted.
[Test worker] INFO com.ctriposs.bigmap.page.MappedPageFactoryImpl - Page file d:/bigmap_test/bigmap/unit/mapped_page_factory_test/test_single_thread\page-71.dat was just deleted.
[Test worker] INFO com.ctriposs.bigmap.page.MappedPageFactoryImpl - Page file d:/bigmap_test/bigmap/unit/mapped_page_factory_test/test_single_thread\page-64.dat was just deleted.
[Test worker] INFO com.ctriposs.bigmap.page.MappedPageFactoryImpl - Page file d:/bigmap_test/bigmap/unit/mapped_page_factory_test/test_single_thread\page-65.dat was just deleted.
[Test worker] INFO com.ctriposs.bigmap.page.MappedPageFactoryImpl - Page file d:/bigmap_test/bigmap/unit/mapped_page_factory_test/test_single_thread\page-66.dat was just deleted.
[Test worker] INFO com.ctriposs.bigmap.page.MappedPageFactoryImpl - Page file d:/bigmap_test/bigmap/unit/mapped_page_factory_test/test_single_thread\page-67.dat was just deleted.
[Test worker] INFO com.ctriposs.bigmap.page.MappedPageFactoryImpl - Page file d:/bigmap_test/bigmap/unit/mapped_page_factory_test/test_single_thread\page-76.dat was just deleted.
[Test worker] INFO com.ctriposs.bigmap.page.MappedPageFactoryImpl - Page file d:/bigmap_test/bigmap/unit/mapped_page_factory_test/test_single_thread\page-77.dat was just deleted.
[Test worker] INFO com.ctriposs.bigmap.page.MappedPageFactoryImpl - Page file d:/bigmap_test/bigmap/unit/mapped_page_factory_test/test_single_thread\page-78.dat was just deleted.
[Test worker] INFO com.ctriposs.bigmap.page.MappedPageFactoryImpl - Page file d:/bigmap_test/bigmap/unit/mapped_page_factory_test/test_single_thread\page-79.dat was just deleted.
[Test worker] INFO com.ctriposs.bigmap.page.MappedPageFactoryImpl - Page file d:/bigmap_test/bigmap/unit/mapped_page_factory_test/test_single_thread\page-72.dat was just deleted.
[Test worker] INFO com.ctriposs.bigmap.page.MappedPageFactoryImpl - Page file d:/bigmap_test/bigmap/unit/mapped_page_factory_test/test_single_thread\page-73.dat was just deleted.
[Test worker] INFO com.ctriposs.bigmap.page.MappedPageFactoryImpl - Page file d:/bigmap_test/bigmap/unit/mapped_page_factory_test/test_single_thread\page-74.dat was just deleted.
[Test worker] INFO com.ctriposs.bigmap.page.MappedPageFactoryImpl - Page file d:/bigmap_test/bigmap/unit/mapped_page_factory_test/test_single_thread\page-75.dat was just deleted.
[Test worker] INFO com.ctriposs.bigmap.page.MappedPageFactoryImpl - Page file d:/bigmap_test/bigmap/unit/mapped_page_factory_test/test_single_thread\page-85.dat was just deleted.
[Test worker] INFO com.ctriposs.bigmap.page.MappedPageFactoryImpl - Page file d:/bigmap_test/bigmap/unit/mapped_page_factory_test/test_single_thread\page-84.dat was just deleted.
[Test worker] INFO com.ctriposs.bigmap.page.MappedPageFactoryImpl - Page file d:/bigmap_test/bigmap/unit/mapped_page_factory_test/test_single_thread\page-87.dat was just deleted.
[Test worker] INFO com.ctriposs.bigmap.page.MappedPageFactoryImpl - Page file d:/bigmap_test/bigmap/unit/mapped_page_factory_test/test_single_thread\page-86.dat was just deleted.
[Test worker] INFO com.ctriposs.bigmap.page.MappedPageFactoryImpl - Page file d:/bigmap_test/bigmap/unit/mapped_page_factory_test/test_single_thread\page-81.dat was just deleted.
[Test worker] INFO com.ctriposs.bigmap.page.MappedPageFactoryImpl - Page file d:/bigmap_test/bigmap/unit/mapped_page_factory_test/test_single_thread\page-80.dat was just deleted.
[Test worker] INFO com.ctriposs.bigmap.page.MappedPageFactoryImpl - Page file d:/bigmap_test/bigmap/unit/mapped_page_factory_test/test_single_thread\page-83.dat was just deleted.
[Test worker] INFO com.ctriposs.bigmap.page.MappedPageFactoryImpl - Page file d:/bigmap_test/bigmap/unit/mapped_page_factory_test/test_single_thread\page-82.dat was just deleted.
[Test worker] INFO com.ctriposs.bigmap.page.MappedPageFactoryImpl - Page file d:/bigmap_test/bigmap/unit/mapped_page_factory_test/test_single_thread\page-93.dat was just deleted.
[Test worker] INFO com.ctriposs.bigmap.page.MappedPageFactoryImpl - Page file d:/bigmap_test/bigmap/unit/mapped_page_factory_test/test_single_thread\page-92.dat was just deleted.
[Test worker] INFO com.ctriposs.bigmap.page.MappedPageFactoryImpl - Page file d:/bigmap_test/bigmap/unit/mapped_page_factory_test/test_single_thread\page-95.dat was just deleted.
[Test worker] INFO com.ctriposs.bigmap.page.MappedPageFactoryImpl - Page file d:/bigmap_test/bigmap/unit/mapped_page_factory_test/test_single_thread\page-94.dat was just deleted.
[Test worker] INFO com.ctriposs.bigmap.page.MappedPageFactoryImpl - Page file d:/bigmap_test/bigmap/unit/mapped_page_factory_test/test_single_thread\page-89.dat was just deleted.
[Test worker] INFO com.ctriposs.bigmap.page.MappedPageFactoryImpl - Page file d:/bigmap_test/bigmap/unit/mapped_page_factory_test/test_single_thread\page-88.dat was just deleted.
[Test worker] INFO com.ctriposs.bigmap.page.MappedPageFactoryImpl - Page file d:/bigmap_test/bigmap/unit/mapped_page_factory_test/test_single_thread\page-91.dat was just deleted.
[Test worker] INFO com.ctriposs.bigmap.page.MappedPageFactoryImpl - Page file d:/bigmap_test/bigmap/unit/mapped_page_factory_test/test_single_thread\page-90.dat was just deleted.
[Test worker] INFO com.ctriposs.bigmap.page.MappedPageFactoryImpl - Page file d:/bigmap_test/bigmap/unit/mapped_page_factory_test/test_single_thread\page-100.dat was just deleted.
[Test worker] INFO com.ctriposs.bigmap.page.MappedPageFactoryImpl - Page file d:/bigmap_test/bigmap/unit/mapped_page_factory_test/test_single_thread\page-98.dat was just deleted.
[Test worker] INFO com.ctriposs.bigmap.page.MappedPageFactoryImpl - Page file d:/bigmap_test/bigmap/unit/mapped_page_factory_test/test_single_thread\page-99.dat was just deleted.
[Test worker] INFO com.ctriposs.bigmap.page.MappedPageFactoryImpl - Page file d:/bigmap_test/bigmap/unit/mapped_page_factory_test/test_single_thread\page-96.dat was just deleted.
[Test worker] INFO com.ctriposs.bigmap.page.MappedPageFactoryImpl - Page file d:/bigmap_test/bigmap/unit/mapped_page_factory_test/test_single_thread\page-97.dat was just deleted.
[Test worker] INFO com.ctriposs.bigmap.page.MappedPageFactoryImpl - Page file d:/bigmap_test/bigmap/unit/mapped_page_factory_test/test_single_thread\page-9223372036854775807.dat was just deleted.
[Test worker] INFO com.ctriposs.bigmap.page.MappedPageFactoryImpl - Page file d:/bigmap_test/bigmap/unit/mapped_page_factory_test/test_single_thread\page-0.dat was just deleted.
[Test worker] INFO com.ctriposs.bigmap.page.MappedPageFactoryImpl - Page file d:/bigmap_test/bigmap/unit/mapped_page_factory_test/test_single_thread\page-9223372036854775806.dat was just deleted.
[Test worker] INFO com.ctriposs.bigmap.page.MappedPageFactoryImpl - Page file d:/bigmap_test/bigmap/unit/mapped_page_factory_test/test_single_thread\page-1.dat was just deleted.
[Test worker] INFO com.ctriposs.bigmap.page.MappedPageFactoryImpl - Page file d:/bigmap_test/bigmap/unit/mapped_page_factory_test/test_get_backpage_fileset\page-0.dat was just deleted.
[Test worker] INFO com.ctriposs.bigmap.page.MappedPageFactoryImpl - Page file d:/bigmap_test/bigmap/unit/mapped_page_factory_test/test_get_backpage_fileset\page-1.dat was just deleted.
[Test worker] INFO com.ctriposs.bigmap.page.MappedPageFactoryImpl - Page file d:/bigmap_test/bigmap/unit/mapped_page_factory_test/test_get_backpage_fileset\page-2.dat was just deleted.
[Test worker] INFO com.ctriposs.bigmap.page.MappedPageFactoryImpl - Page file d:/bigmap_test/bigmap/unit/mapped_page_factory_test/test_get_backpage_fileset\page-3.dat was just deleted.
[Test worker] INFO com.ctriposs.bigmap.page.MappedPageFactoryImpl - Page file d:/bigmap_test/bigmap/unit/mapped_page_factory_test/test_get_backpage_fileset\page-4.dat was just deleted.
[Test worker] INFO com.ctriposs.bigmap.page.MappedPageFactoryImpl - Page file d:/bigmap_test/bigmap/unit/mapped_page_factory_test/test_get_backpage_fileset\page-5.dat was just deleted.
[Test worker] INFO com.ctriposs.bigmap.page.MappedPageFactoryImpl - Page file d:/bigmap_test/bigmap/unit/mapped_page_factory_test/test_get_backpage_fileset\page-6.dat was just deleted.
[Test worker] INFO com.ctriposs.bigmap.page.MappedPageFactoryImpl - Page file d:/bigmap_test/bigmap/unit/mapped_page_factory_test/test_get_backpage_fileset\page-7.dat was just deleted.
[Test worker] INFO com.ctriposs.bigmap.page.MappedPageFactoryImpl - Page file d:/bigmap_test/bigmap/unit/mapped_page_factory_test/test_get_backpage_fileset\page-8.dat was just deleted.
[Test worker] INFO com.ctriposs.bigmap.page.MappedPageFactoryImpl - Page file d:/bigmap_test/bigmap/unit/mapped_page_factory_test/test_get_backpage_fileset\page-9.dat was just deleted.
[Test worker] INFO com.ctriposs.bigmap.page.MappedPageFactoryImpl - Page file d:/bigmap_test/bigmap/unit/mapped_page_factory_test/test_get_backpage_filesize\page-0.dat was just deleted.
[Test worker] INFO com.ctriposs.bigmap.page.MappedPageFactoryImpl - Page file d:/bigmap_test/bigmap/unit/mapped_page_factory_test/test_get_backpage_filesize\page-1.dat was just deleted.
[Test worker] INFO com.ctriposs.bigmap.page.MappedPageFactoryImpl - Page file d:/bigmap_test/bigmap/unit/mapped_page_factory_test/test_get_backpage_filesize\page-2.dat was just deleted.
[Test worker] INFO com.ctriposs.bigmap.page.MappedPageFactoryImpl - Page file d:/bigmap_test/bigmap/unit/mapped_page_factory_test/test_get_backpage_filesize\page-3.dat was just deleted.
[Test worker] INFO com.ctriposs.bigmap.page.MappedPageFactoryImpl - Page file d:/bigmap_test/bigmap/unit/mapped_page_factory_test/test_get_backpage_filesize\page-4.dat was just deleted.
[Test worker] INFO com.ctriposs.bigmap.page.MappedPageFactoryImpl - Page file d:/bigmap_test/bigmap/unit/mapped_page_factory_test/test_get_backpage_filesize\page-5.dat was just deleted.
[Test worker] INFO com.ctriposs.bigmap.page.MappedPageFactoryImpl - Page file d:/bigmap_test/bigmap/unit/mapped_page_factory_test/test_get_backpage_filesize\page-6.dat was just deleted.
[Test worker] INFO com.ctriposs.bigmap.page.MappedPageFactoryImpl - Page file d:/bigmap_test/bigmap/unit/mapped_page_factory_test/test_get_backpage_filesize\page-7.dat was just deleted.
[Test worker] INFO com.ctriposs.bigmap.page.MappedPageFactoryImpl - Page file d:/bigmap_test/bigmap/unit/mapped_page_factory_test/test_get_backpage_filesize\page-8.dat was just deleted.
[Test worker] INFO com.ctriposs.bigmap.page.MappedPageFactoryImpl - Page file d:/bigmap_test/bigmap/unit/mapped_page_factory_test/test_get_backpage_filesize\page-9.dat was just deleted.
[Test worker] INFO com.ctriposs.bigmap.page.MappedPageFactoryImpl - Page file d:/bigmap_test/bigmap/unit/mapped_page_factory_test/test_get_backpage_filesize\page-10.dat was just deleted.
[Test worker] INFO com.ctriposs.bigmap.page.MappedPageFactoryImpl - Page file d:/bigmap_test/bigmap/unit/mapped_page_factory_test/test_get_backpage_filesize\page-11.dat was just deleted.
[Test worker] INFO com.ctriposs.bigmap.page.MappedPageFactoryImpl - Page file d:/bigmap_test/bigmap/unit/mapped_page_factory_test/test_get_backpage_filesize\page-12.dat was just deleted.
[Test worker] INFO com.ctriposs.bigmap.page.MappedPageFactoryImpl - Page file d:/bigmap_test/bigmap/unit/mapped_page_factory_test/test_get_backpage_filesize\page-13.dat was just deleted.
[Test worker] INFO com.ctriposs.bigmap.page.MappedPageFactoryImpl - Page file d:/bigmap_test/bigmap/unit/mapped_page_factory_test/test_get_backpage_filesize\page-14.dat was just deleted.
[Test worker] INFO com.ctriposs.bigmap.page.MappedPageFactoryImpl - Page file d:/bigmap_test/bigmap/unit/mapped_page_factory_test/test_get_backpage_filesize\page-15.dat was just deleted.
[Test worker] INFO com.ctriposs.bigmap.page.MappedPageFactoryImpl - Page file d:/bigmap_test/bigmap/unit/mapped_page_factory_test/test_get_backpage_filesize\page-17.dat was just deleted.
[Test worker] INFO com.ctriposs.bigmap.page.MappedPageFactoryImpl - Page file d:/bigmap_test/bigmap/unit/mapped_page_factory_test/test_get_backpage_filesize\page-16.dat was just deleted.
[Test worker] INFO com.ctriposs.bigmap.page.MappedPageFactoryImpl - Page file d:/bigmap_test/bigmap/unit/mapped_page_factory_test/test_get_backpage_filesize\page-19.dat was just deleted.
[Test worker] INFO com.ctriposs.bigmap.page.MappedPageFactoryImpl - Page file d:/bigmap_test/bigmap/unit/mapped_page_factory_test/test_get_backpage_filesize\page-18.dat was just deleted.
[Test worker] INFO com.ctriposs.bigmap.page.MappedPageFactoryImpl - Page file d:/bigmap_test/bigmap/unit/mapped_page_factory_test/test_get_backpage_filesize\page-21.dat was just deleted.
[Test worker] INFO com.ctriposs.bigmap.page.MappedPageFactoryImpl - Page file d:/bigmap_test/bigmap/unit/mapped_page_factory_test/test_get_backpage_filesize\page-20.dat was just deleted.
[Test worker] INFO com.ctriposs.bigmap.page.MappedPageFactoryImpl - Page file d:/bigmap_test/bigmap/unit/mapped_page_factory_test/test_get_backpage_filesize\page-23.dat was just deleted.
[Test worker] INFO com.ctriposs.bigmap.page.MappedPageFactoryImpl - Page file d:/bigmap_test/bigmap/unit/mapped_page_factory_test/test_get_backpage_filesize\page-22.dat was just deleted.
[Test worker] INFO com.ctriposs.bigmap.page.MappedPageFactoryImpl - Page file d:/bigmap_test/bigmap/unit/mapped_page_factory_test/test_get_backpage_filesize\page-25.dat was just deleted.
[Test worker] INFO com.ctriposs.bigmap.page.MappedPageFactoryImpl - Page file d:/bigmap_test/bigmap/unit/mapped_page_factory_test/test_get_backpage_filesize\page-24.dat was just deleted.
[Test worker] INFO com.ctriposs.bigmap.page.MappedPageFactoryImpl - Page file d:/bigmap_test/bigmap/unit/mapped_page_factory_test/test_get_backpage_filesize\page-27.dat was just deleted.
[Test worker] INFO com.ctriposs.bigmap.page.MappedPageFactoryImpl - Page file d:/bigmap_test/bigmap/unit/mapped_page_factory_test/test_get_backpage_filesize\page-26.dat was just deleted.
[Test worker] INFO com.ctriposs.bigmap.page.MappedPageFactoryImpl - Page file d:/bigmap_test/bigmap/unit/mapped_page_factory_test/test_get_backpage_filesize\page-29.dat was just deleted.
[Test worker] INFO com.ctriposs.bigmap.page.MappedPageFactoryImpl - Page file d:/bigmap_test/bigmap/unit/mapped_page_factory_test/test_get_backpage_filesize\page-28.dat was just deleted.
[Test worker] INFO com.ctriposs.bigmap.page.MappedPageFactoryImpl - Page file d:/bigmap_test/bigmap/unit/mapped_page_factory_test/test_get_backpage_filesize\page-31.dat was just deleted.
[Test worker] INFO com.ctriposs.bigmap.page.MappedPageFactoryImpl - Page file d:/bigmap_test/bigmap/unit/mapped_page_factory_test/test_get_backpage_filesize\page-30.dat was just deleted.
[Test worker] INFO com.ctriposs.bigmap.page.MappedPageFactoryImpl - Page file d:/bigmap_test/bigmap/unit/mapped_page_factory_test/test_get_backpage_filesize\page-34.dat was just deleted.
[Test worker] INFO com.ctriposs.bigmap.page.MappedPageFactoryImpl - Page file d:/bigmap_test/bigmap/unit/mapped_page_factory_test/test_get_backpage_filesize\page-35.dat was just deleted.
[Test worker] INFO com.ctriposs.bigmap.page.MappedPageFactoryImpl - Page file d:/bigmap_test/bigmap/unit/mapped_page_factory_test/test_get_backpage_filesize\page-32.dat was just deleted.
[Test worker] INFO com.ctriposs.bigmap.page.MappedPageFactoryImpl - Page file d:/bigmap_test/bigmap/unit/mapped_page_factory_test/test_get_backpage_filesize\page-33.dat was just deleted.
[Test worker] INFO com.ctriposs.bigmap.page.MappedPageFactoryImpl - Page file d:/bigmap_test/bigmap/unit/mapped_page_factory_test/test_get_backpage_filesize\page-38.dat was just deleted.
[Test worker] INFO com.ctriposs.bigmap.page.MappedPageFactoryImpl - Page file d:/bigmap_test/bigmap/unit/mapped_page_factory_test/test_get_backpage_filesize\page-39.dat was just deleted.
[Test worker] INFO com.ctriposs.bigmap.page.MappedPageFactoryImpl - Page file d:/bigmap_test/bigmap/unit/mapped_page_factory_test/test_get_backpage_filesize\page-36.dat was just deleted.
[Test worker] INFO com.ctriposs.bigmap.page.MappedPageFactoryImpl - Page file d:/bigmap_test/bigmap/unit/mapped_page_factory_test/test_get_backpage_filesize\page-37.dat was just deleted.
[Test worker] INFO com.ctriposs.bigmap.page.MappedPageFactoryImpl - Page file d:/bigmap_test/bigmap/unit/mapped_page_factory_test/test_get_backpage_filesize\page-42.dat was just deleted.
[Test worker] INFO com.ctriposs.bigmap.page.MappedPageFactoryImpl - Page file d:/bigmap_test/bigmap/unit/mapped_page_factory_test/test_get_backpage_filesize\page-43.dat was just deleted.
[Test worker] INFO com.ctriposs.bigmap.page.MappedPageFactoryImpl - Page file d:/bigmap_test/bigmap/unit/mapped_page_factory_test/test_get_backpage_filesize\page-40.dat was just deleted.
[Test worker] INFO com.ctriposs.bigmap.page.MappedPageFactoryImpl - Page file d:/bigmap_test/bigmap/unit/mapped_page_factory_test/test_get_backpage_filesize\page-41.dat was just deleted.
[Test worker] INFO com.ctriposs.bigmap.page.MappedPageFactoryImpl - Page file d:/bigmap_test/bigmap/unit/mapped_page_factory_test/test_get_backpage_filesize\page-46.dat was just deleted.
[Test worker] INFO com.ctriposs.bigmap.page.MappedPageFactoryImpl - Page file d:/bigmap_test/bigmap/unit/mapped_page_factory_test/test_get_backpage_filesize\page-47.dat was just deleted.
[Test worker] INFO com.ctriposs.bigmap.page.MappedPageFactoryImpl - Page file d:/bigmap_test/bigmap/unit/mapped_page_factory_test/test_get_backpage_filesize\page-44.dat was just deleted.
[Test worker] INFO com.ctriposs.bigmap.page.MappedPageFactoryImpl - Page file d:/bigmap_test/bigmap/unit/mapped_page_factory_test/test_get_backpage_filesize\page-45.dat was just deleted.
[Test worker] INFO com.ctriposs.bigmap.page.MappedPageFactoryImpl - Page file d:/bigmap_test/bigmap/unit/mapped_page_factory_test/test_get_backpage_filesize\page-51.dat was just deleted.
[Test worker] INFO com.ctriposs.bigmap.page.MappedPageFactoryImpl - Page file d:/bigmap_test/bigmap/unit/mapped_page_factory_test/test_get_backpage_filesize\page-50.dat was just deleted.
[Test worker] INFO com.ctriposs.bigmap.page.MappedPageFactoryImpl - Page file d:/bigmap_test/bigmap/unit/mapped_page_factory_test/test_get_backpage_filesize\page-49.dat was just deleted.
[Test worker] INFO com.ctriposs.bigmap.page.MappedPageFactoryImpl - Page file d:/bigmap_test/bigmap/unit/mapped_page_factory_test/test_get_backpage_filesize\page-48.dat was just deleted.
[Test worker] INFO com.ctriposs.bigmap.page.MappedPageFactoryImpl - Page file d:/bigmap_test/bigmap/unit/mapped_page_factory_test/test_get_backpage_filesize\page-55.dat was just deleted.
[Test worker] INFO com.ctriposs.bigmap.page.MappedPageFactoryImpl - Page file d:/bigmap_test/bigmap/unit/mapped_page_factory_test/test_get_backpage_filesize\page-54.dat was just deleted.
[Test worker] INFO com.ctriposs.bigmap.page.MappedPageFactoryImpl - Page file d:/bigmap_test/bigmap/unit/mapped_page_factory_test/test_get_backpage_filesize\page-53.dat was just deleted.
[Test worker] INFO com.ctriposs.bigmap.page.MappedPageFactoryImpl - Page file d:/bigmap_test/bigmap/unit/mapped_page_factory_test/test_get_backpage_filesize\page-52.dat was just deleted.
[Test worker] INFO com.ctriposs.bigmap.page.MappedPageFactoryImpl - Page file d:/bigmap_test/bigmap/unit/mapped_page_factory_test/test_get_backpage_filesize\page-59.dat was just deleted.
[Test worker] INFO com.ctriposs.bigmap.page.MappedPageFactoryImpl - Page file d:/bigmap_test/bigmap/unit/mapped_page_factory_test/test_get_backpage_filesize\page-58.dat was just deleted.
[Test worker] INFO com.ctriposs.bigmap.page.MappedPageFactoryImpl - Page file d:/bigmap_test/bigmap/unit/mapped_page_factory_test/test_get_backpage_filesize\page-57.dat was just deleted.
[Test worker] INFO com.ctriposs.bigmap.page.MappedPageFactoryImpl - Page file d:/bigmap_test/bigmap/unit/mapped_page_factory_test/test_get_backpage_filesize\page-56.dat was just deleted.
[Test worker] INFO com.ctriposs.bigmap.page.MappedPageFactoryImpl - Page file d:/bigmap_test/bigmap/unit/mapped_page_factory_test/test_get_backpage_filesize\page-63.dat was just deleted.
[Test worker] INFO com.ctriposs.bigmap.page.MappedPageFactoryImpl - Page file d:/bigmap_test/bigmap/unit/mapped_page_factory_test/test_get_backpage_filesize\page-62.dat was just deleted.
[Test worker] INFO com.ctriposs.bigmap.page.MappedPageFactoryImpl - Page file d:/bigmap_test/bigmap/unit/mapped_page_factory_test/test_get_backpage_filesize\page-61.dat was just deleted.
[Test worker] INFO com.ctriposs.bigmap.page.MappedPageFactoryImpl - Page file d:/bigmap_test/bigmap/unit/mapped_page_factory_test/test_get_backpage_filesize\page-60.dat was just deleted.
[Test worker] INFO com.ctriposs.bigmap.page.MappedPageFactoryImpl - Page file d:/bigmap_test/bigmap/unit/mapped_page_factory_test/test_get_backpage_filesize\page-68.dat was just deleted.
[Test worker] INFO com.ctriposs.bigmap.page.MappedPageFactoryImpl - Page file d:/bigmap_test/bigmap/unit/mapped_page_factory_test/test_get_backpage_filesize\page-69.dat was just deleted.
[Test worker] INFO com.ctriposs.bigmap.page.MappedPageFactoryImpl - Page file d:/bigmap_test/bigmap/unit/mapped_page_factory_test/test_get_backpage_filesize\page-70.dat was just deleted.
[Test worker] INFO com.ctriposs.bigmap.page.MappedPageFactoryImpl - Page file d:/bigmap_test/bigmap/unit/mapped_page_factory_test/test_get_backpage_filesize\page-71.dat was just deleted.
[Test worker] INFO com.ctriposs.bigmap.page.MappedPageFactoryImpl - Page file d:/bigmap_test/bigmap/unit/mapped_page_factory_test/test_get_backpage_filesize\page-64.dat was just deleted.
[Test worker] INFO com.ctriposs.bigmap.page.MappedPageFactoryImpl - Page file d:/bigmap_test/bigmap/unit/mapped_page_factory_test/test_get_backpage_filesize\page-65.dat was just deleted.
[Test worker] INFO com.ctriposs.bigmap.page.MappedPageFactoryImpl - Page file d:/bigmap_test/bigmap/unit/mapped_page_factory_test/test_get_backpage_filesize\page-66.dat was just deleted.
[Test worker] INFO com.ctriposs.bigmap.page.MappedPageFactoryImpl - Page file d:/bigmap_test/bigmap/unit/mapped_page_factory_test/test_get_backpage_filesize\page-67.dat was just deleted.
[Test worker] INFO com.ctriposs.bigmap.page.MappedPageFactoryImpl - Page file d:/bigmap_test/bigmap/unit/mapped_page_factory_test/test_get_backpage_filesize\page-76.dat was just deleted.
[Test worker] INFO com.ctriposs.bigmap.page.MappedPageFactoryImpl - Page file d:/bigmap_test/bigmap/unit/mapped_page_factory_test/test_get_backpage_filesize\page-77.dat was just deleted.
[Test worker] INFO com.ctriposs.bigmap.page.MappedPageFactoryImpl - Page file d:/bigmap_test/bigmap/unit/mapped_page_factory_test/test_get_backpage_filesize\page-78.dat was just deleted.
[Test worker] INFO com.ctriposs.bigmap.page.MappedPageFactoryImpl - Page file d:/bigmap_test/bigmap/unit/mapped_page_factory_test/test_get_backpage_filesize\page-79.dat was just deleted.
[Test worker] INFO com.ctriposs.bigmap.page.MappedPageFactoryImpl - Page file d:/bigmap_test/bigmap/unit/mapped_page_factory_test/test_get_backpage_filesize\page-72.dat was just deleted.
[Test worker] INFO com.ctriposs.bigmap.page.MappedPageFactoryImpl - Page file d:/bigmap_test/bigmap/unit/mapped_page_factory_test/test_get_backpage_filesize\page-73.dat was just deleted.
[Test worker] INFO com.ctriposs.bigmap.page.MappedPageFactoryImpl - Page file d:/bigmap_test/bigmap/unit/mapped_page_factory_test/test_get_backpage_filesize\page-74.dat was just deleted.
[Test worker] INFO com.ctriposs.bigmap.page.MappedPageFactoryImpl - Page file d:/bigmap_test/bigmap/unit/mapped_page_factory_test/test_get_backpage_filesize\page-75.dat was just deleted.
[Test worker] INFO com.ctriposs.bigmap.page.MappedPageFactoryImpl - Page file d:/bigmap_test/bigmap/unit/mapped_page_factory_test/test_get_backpage_filesize\page-85.dat was just deleted.
[Test worker] INFO com.ctriposs.bigmap.page.MappedPageFactoryImpl - Page file d:/bigmap_test/bigmap/unit/mapped_page_factory_test/test_get_backpage_filesize\page-84.dat was just deleted.
[Test worker] INFO com.ctriposs.bigmap.page.MappedPageFactoryImpl - Page file d:/bigmap_test/bigmap/unit/mapped_page_factory_test/test_get_backpage_filesize\page-87.dat was just deleted.
[Test worker] INFO com.ctriposs.bigmap.page.MappedPageFactoryImpl - Page file d:/bigmap_test/bigmap/unit/mapped_page_factory_test/test_get_backpage_filesize\page-86.dat was just deleted.
[Test worker] INFO com.ctriposs.bigmap.page.MappedPageFactoryImpl - Page file d:/bigmap_test/bigmap/unit/mapped_page_factory_test/test_get_backpage_filesize\page-81.dat was just deleted.
[Test worker] INFO com.ctriposs.bigmap.page.MappedPageFactoryImpl - Page file d:/bigmap_test/bigmap/unit/mapped_page_factory_test/test_get_backpage_filesize\page-80.dat was just deleted.
[Test worker] INFO com.ctriposs.bigmap.page.MappedPageFactoryImpl - Page file d:/bigmap_test/bigmap/unit/mapped_page_factory_test/test_get_backpage_filesize\page-83.dat was just deleted.
[Test worker] INFO com.ctriposs.bigmap.page.MappedPageFactoryImpl - Page file d:/bigmap_test/bigmap/unit/mapped_page_factory_test/test_get_backpage_filesize\page-82.dat was just deleted.
[Test worker] INFO com.ctriposs.bigmap.page.MappedPageFactoryImpl - Page file d:/bigmap_test/bigmap/unit/mapped_page_factory_test/test_get_backpage_filesize\page-93.dat was just deleted.
[Test worker] INFO com.ctriposs.bigmap.page.MappedPageFactoryImpl - Page file d:/bigmap_test/bigmap/unit/mapped_page_factory_test/test_get_backpage_filesize\page-92.dat was just deleted.
[Test worker] INFO com.ctriposs.bigmap.page.MappedPageFactoryImpl - Page file d:/bigmap_test/bigmap/unit/mapped_page_factory_test/test_get_backpage_filesize\page-95.dat was just deleted.
[Test worker] INFO com.ctriposs.bigmap.page.MappedPageFactoryImpl - Page file d:/bigmap_test/bigmap/unit/mapped_page_factory_test/test_get_backpage_filesize\page-94.dat was just deleted.
[Test worker] INFO com.ctriposs.bigmap.page.MappedPageFactoryImpl - Page file d:/bigmap_test/bigmap/unit/mapped_page_factory_test/test_get_backpage_filesize\page-89.dat was just deleted.
[Test worker] INFO com.ctriposs.bigmap.page.MappedPageFactoryImpl - Page file d:/bigmap_test/bigmap/unit/mapped_page_factory_test/test_get_backpage_filesize\page-88.dat was just deleted.
[Test worker] INFO com.ctriposs.bigmap.page.MappedPageFactoryImpl - Page file d:/bigmap_test/bigmap/unit/mapped_page_factory_test/test_get_backpage_filesize\page-91.dat was just deleted.
[Test worker] INFO com.ctriposs.bigmap.page.MappedPageFactoryImpl - Page file d:/bigmap_test/bigmap/unit/mapped_page_factory_test/test_get_backpage_filesize\page-90.dat was just deleted.
[Test worker] INFO com.ctriposs.bigmap.page.MappedPageFactoryImpl - Page file d:/bigmap_test/bigmap/unit/mapped_page_factory_test/test_get_backpage_filesize\page-98.dat was just deleted.
[Test worker] INFO com.ctriposs.bigmap.page.MappedPageFactoryImpl - Page file d:/bigmap_test/bigmap/unit/mapped_page_factory_test/test_get_backpage_filesize\page-99.dat was just deleted.
[Test worker] INFO com.ctriposs.bigmap.page.MappedPageFactoryImpl - Page file d:/bigmap_test/bigmap/unit/mapped_page_factory_test/test_get_backpage_filesize\page-96.dat was just deleted.
[Test worker] INFO com.ctriposs.bigmap.page.MappedPageFactoryImpl - Page file d:/bigmap_test/bigmap/unit/mapped_page_factory_test/test_get_backpage_filesize\page-97.dat was just deleted.
[Test worker] INFO com.ctriposs.bigmap.page.MappedPageFactoryImpl - Page file d:/bigmap_test/bigmap/unit/mapped_page_factory_test/test_multi_threads\page-0.dat was just deleted.
[Test worker] INFO com.ctriposs.bigmap.page.MappedPageFactoryImpl - Page file d:/bigmap_test/bigmap/unit/mapped_page_factory_test/test_multi_threads\page-1.dat was just deleted.
[Test worker] INFO com.ctriposs.bigmap.page.MappedPageFactoryImpl - Page file d:/bigmap_test/bigmap/unit/mapped_page_factory_test/test_multi_threads\page-2.dat was just deleted.
[Test worker] INFO com.ctriposs.bigmap.page.MappedPageFactoryImpl - Page file d:/bigmap_test/bigmap/unit/mapped_page_factory_test/test_multi_threads\page-3.dat was just deleted.
[Test worker] INFO com.ctriposs.bigmap.page.MappedPageFactoryImpl - Page file d:/bigmap_test/bigmap/unit/mapped_page_factory_test/test_multi_threads\page-4.dat was just deleted.
[Test worker] INFO com.ctriposs.bigmap.page.MappedPageFactoryImpl - Page file d:/bigmap_test/bigmap/unit/mapped_page_factory_test/test_multi_threads\page-5.dat was just deleted.
[Test worker] INFO com.ctriposs.bigmap.page.MappedPageFactoryImpl - Page file d:/bigmap_test/bigmap/unit/mapped_page_factory_test/test_multi_threads\page-6.dat was just deleted.
[Test worker] INFO com.ctriposs.bigmap.page.MappedPageFactoryImpl - Page file d:/bigmap_test/bigmap/unit/mapped_page_factory_test/test_multi_threads\page-7.dat was just deleted.
[Test worker] INFO com.ctriposs.bigmap.page.MappedPageFactoryImpl - Page file d:/bigmap_test/bigmap/unit/mapped_page_factory_test/test_multi_threads\page-8.dat was just deleted.
[Test worker] INFO com.ctriposs.bigmap.page.MappedPageFactoryImpl - Page file d:/bigmap_test/bigmap/unit/mapped_page_factory_test/test_multi_threads\page-9.dat was just deleted.
[Test worker] INFO com.ctriposs.bigmap.page.MappedPageFactoryImpl - Page file d:/bigmap_test/bigmap/unit/mapped_page_factory_test/test_multi_threads\page-10.dat was just deleted.
[Test worker] INFO com.ctriposs.bigmap.page.MappedPageFactoryImpl - Page file d:/bigmap_test/bigmap/unit/mapped_page_factory_test/test_multi_threads\page-11.dat was just deleted.
[Test worker] INFO com.ctriposs.bigmap.page.MappedPageFactoryImpl - Page file d:/bigmap_test/bigmap/unit/mapped_page_factory_test/test_multi_threads\page-12.dat was just deleted.
[Test worker] INFO com.ctriposs.bigmap.page.MappedPageFactoryImpl - Page file d:/bigmap_test/bigmap/unit/mapped_page_factory_test/test_multi_threads\page-13.dat was just deleted.
[Test worker] INFO com.ctriposs.bigmap.page.MappedPageFactoryImpl - Page file d:/bigmap_test/bigmap/unit/mapped_page_factory_test/test_multi_threads\page-14.dat was just deleted.
[Test worker] INFO com.ctriposs.bigmap.page.MappedPageFactoryImpl - Page file d:/bigmap_test/bigmap/unit/mapped_page_factory_test/test_multi_threads\page-15.dat was just deleted.
[Test worker] INFO com.ctriposs.bigmap.page.MappedPageFactoryImpl - Page file d:/bigmap_test/bigmap/unit/mapped_page_factory_test/test_multi_threads\page-17.dat was just deleted.
[Test worker] INFO com.ctriposs.bigmap.page.MappedPageFactoryImpl - Page file d:/bigmap_test/bigmap/unit/mapped_page_factory_test/test_multi_threads\page-16.dat was just deleted.
[Test worker] INFO com.ctriposs.bigmap.page.MappedPageFactoryImpl - Page file d:/bigmap_test/bigmap/unit/mapped_page_factory_test/test_multi_threads\page-19.dat was just deleted.
[Test worker] INFO com.ctriposs.bigmap.page.MappedPageFactoryImpl - Page file d:/bigmap_test/bigmap/unit/mapped_page_factory_test/test_multi_threads\page-18.dat was just deleted.
[Test worker] INFO com.ctriposs.bigmap.page.MappedPageFactoryImpl - Page file d:/bigmap_test/bigmap/unit/mapped_page_factory_test/test_multi_threads\page-21.dat was just deleted.
[Test worker] INFO com.ctriposs.bigmap.page.MappedPageFactoryImpl - Page file d:/bigmap_test/bigmap/unit/mapped_page_factory_test/test_multi_threads\page-20.dat was just deleted.
[Test worker] INFO com.ctriposs.bigmap.page.MappedPageFactoryImpl - Page file d:/bigmap_test/bigmap/unit/mapped_page_factory_test/test_multi_threads\page-23.dat was just deleted.
[Test worker] INFO com.ctriposs.bigmap.page.MappedPageFactoryImpl - Page file d:/bigmap_test/bigmap/unit/mapped_page_factory_test/test_multi_threads\page-22.dat was just deleted.
[Test worker] INFO com.ctriposs.bigmap.page.MappedPageFactoryImpl - Page file d:/bigmap_test/bigmap/unit/mapped_page_factory_test/test_multi_threads\page-25.dat was just deleted.
[Test worker] INFO com.ctriposs.bigmap.page.MappedPageFactoryImpl - Page file d:/bigmap_test/bigmap/unit/mapped_page_factory_test/test_multi_threads\page-24.dat was just deleted.
[Test worker] INFO com.ctriposs.bigmap.page.MappedPageFactoryImpl - Page file d:/bigmap_test/bigmap/unit/mapped_page_factory_test/test_multi_threads\page-27.dat was just deleted.
[Test worker] INFO com.ctriposs.bigmap.page.MappedPageFactoryImpl - Page file d:/bigmap_test/bigmap/unit/mapped_page_factory_test/test_multi_threads\page-26.dat was just deleted.
[Test worker] INFO com.ctriposs.bigmap.page.MappedPageFactoryImpl - Page file d:/bigmap_test/bigmap/unit/mapped_page_factory_test/test_multi_threads\page-29.dat was just deleted.
[Test worker] INFO com.ctriposs.bigmap.page.MappedPageFactoryImpl - Page file d:/bigmap_test/bigmap/unit/mapped_page_factory_test/test_multi_threads\page-28.dat was just deleted.
[Test worker] INFO com.ctriposs.bigmap.page.MappedPageFactoryImpl - Page file d:/bigmap_test/bigmap/unit/mapped_page_factory_test/test_multi_threads\page-31.dat was just deleted.
[Test worker] INFO com.ctriposs.bigmap.page.MappedPageFactoryImpl - Page file d:/bigmap_test/bigmap/unit/mapped_page_factory_test/test_multi_threads\page-30.dat was just deleted.
[Test worker] INFO com.ctriposs.bigmap.page.MappedPageFactoryImpl - Page file d:/bigmap_test/bigmap/unit/mapped_page_factory_test/test_multi_threads\page-34.dat was just deleted.
[Test worker] INFO com.ctriposs.bigmap.page.MappedPageFactoryImpl - Page file d:/bigmap_test/bigmap/unit/mapped_page_factory_test/test_multi_threads\page-35.dat was just deleted.
[Test worker] INFO com.ctriposs.bigmap.page.MappedPageFactoryImpl - Page file d:/bigmap_test/bigmap/unit/mapped_page_factory_test/test_multi_threads\page-32.dat was just deleted.
[Test worker] INFO com.ctriposs.bigmap.page.MappedPageFactoryImpl - Page file d:/bigmap_test/bigmap/unit/mapped_page_factory_test/test_multi_threads\page-33.dat was just deleted.
[Test worker] INFO com.ctriposs.bigmap.page.MappedPageFactoryImpl - Page file d:/bigmap_test/bigmap/unit/mapped_page_factory_test/test_multi_threads\page-38.dat was just deleted.
[Test worker] INFO com.ctriposs.bigmap.page.MappedPageFactoryImpl - Page file d:/bigmap_test/bigmap/unit/mapped_page_factory_test/test_multi_threads\page-39.dat was just deleted.
[Test worker] INFO com.ctriposs.bigmap.page.MappedPageFactoryImpl - Page file d:/bigmap_test/bigmap/unit/mapped_page_factory_test/test_multi_threads\page-36.dat was just deleted.
[Test worker] INFO com.ctriposs.bigmap.page.MappedPageFactoryImpl - Page file d:/bigmap_test/bigmap/unit/mapped_page_factory_test/test_multi_threads\page-37.dat was just deleted.
[Test worker] INFO com.ctriposs.bigmap.page.MappedPageFactoryImpl - Page file d:/bigmap_test/bigmap/unit/mapped_page_factory_test/test_multi_threads\page-42.dat was just deleted.
[Test worker] INFO com.ctriposs.bigmap.page.MappedPageFactoryImpl - Page file d:/bigmap_test/bigmap/unit/mapped_page_factory_test/test_multi_threads\page-43.dat was just deleted.
[Test worker] INFO com.ctriposs.bigmap.page.MappedPageFactoryImpl - Page file d:/bigmap_test/bigmap/unit/mapped_page_factory_test/test_multi_threads\page-40.dat was just deleted.
[Test worker] INFO com.ctriposs.bigmap.page.MappedPageFactoryImpl - Page file d:/bigmap_test/bigmap/unit/mapped_page_factory_test/test_multi_threads\page-41.dat was just deleted.
[Test worker] INFO com.ctriposs.bigmap.page.MappedPageFactoryImpl - Page file d:/bigmap_test/bigmap/unit/mapped_page_factory_test/test_multi_threads\page-46.dat was just deleted.
[Test worker] INFO com.ctriposs.bigmap.page.MappedPageFactoryImpl - Page file d:/bigmap_test/bigmap/unit/mapped_page_factory_test/test_multi_threads\page-47.dat was just deleted.
[Test worker] INFO com.ctriposs.bigmap.page.MappedPageFactoryImpl - Page file d:/bigmap_test/bigmap/unit/mapped_page_factory_test/test_multi_threads\page-44.dat was just deleted.
[Test worker] INFO com.ctriposs.bigmap.page.MappedPageFactoryImpl - Page file d:/bigmap_test/bigmap/unit/mapped_page_factory_test/test_multi_threads\page-45.dat was just deleted.
[Test worker] INFO com.ctriposs.bigmap.page.MappedPageFactoryImpl - Page file d:/bigmap_test/bigmap/unit/mapped_page_factory_test/test_multi_threads\page-51.dat was just deleted.
[Test worker] INFO com.ctriposs.bigmap.page.MappedPageFactoryImpl - Page file d:/bigmap_test/bigmap/unit/mapped_page_factory_test/test_multi_threads\page-50.dat was just deleted.
[Test worker] INFO com.ctriposs.bigmap.page.MappedPageFactoryImpl - Page file d:/bigmap_test/bigmap/unit/mapped_page_factory_test/test_multi_threads\page-49.dat was just deleted.
[Test worker] INFO com.ctriposs.bigmap.page.MappedPageFactoryImpl - Page file d:/bigmap_test/bigmap/unit/mapped_page_factory_test/test_multi_threads\page-48.dat was just deleted.
[Test worker] INFO com.ctriposs.bigmap.page.MappedPageFactoryImpl - Page file d:/bigmap_test/bigmap/unit/mapped_page_factory_test/test_multi_threads\page-55.dat was just deleted.
[Test worker] INFO com.ctriposs.bigmap.page.MappedPageFactoryImpl - Page file d:/bigmap_test/bigmap/unit/mapped_page_factory_test/test_multi_threads\page-54.dat was just deleted.
[Test worker] INFO com.ctriposs.bigmap.page.MappedPageFactoryImpl - Page file d:/bigmap_test/bigmap/unit/mapped_page_factory_test/test_multi_threads\page-53.dat was just deleted.
[Test worker] INFO com.ctriposs.bigmap.page.MappedPageFactoryImpl - Page file d:/bigmap_test/bigmap/unit/mapped_page_factory_test/test_multi_threads\page-52.dat was just deleted.
[Test worker] INFO com.ctriposs.bigmap.page.MappedPageFactoryImpl - Page file d:/bigmap_test/bigmap/unit/mapped_page_factory_test/test_multi_threads\page-59.dat was just deleted.
[Test worker] INFO com.ctriposs.bigmap.page.MappedPageFactoryImpl - Page file d:/bigmap_test/bigmap/unit/mapped_page_factory_test/test_multi_threads\page-58.dat was just deleted.
[Test worker] INFO com.ctriposs.bigmap.page.MappedPageFactoryImpl - Page file d:/bigmap_test/bigmap/unit/mapped_page_factory_test/test_multi_threads\page-57.dat was just deleted.
[Test worker] INFO com.ctriposs.bigmap.page.MappedPageFactoryImpl - Page file d:/bigmap_test/bigmap/unit/mapped_page_factory_test/test_multi_threads\page-56.dat was just deleted.
[Test worker] INFO com.ctriposs.bigmap.page.MappedPageFactoryImpl - Page file d:/bigmap_test/bigmap/unit/mapped_page_factory_test/test_multi_threads\page-63.dat was just deleted.
[Test worker] INFO com.ctriposs.bigmap.page.MappedPageFactoryImpl - Page file d:/bigmap_test/bigmap/unit/mapped_page_factory_test/test_multi_threads\page-62.dat was just deleted.
[Test worker] INFO com.ctriposs.bigmap.page.MappedPageFactoryImpl - Page file d:/bigmap_test/bigmap/unit/mapped_page_factory_test/test_multi_threads\page-61.dat was just deleted.
[Test worker] INFO com.ctriposs.bigmap.page.MappedPageFactoryImpl - Page file d:/bigmap_test/bigmap/unit/mapped_page_factory_test/test_multi_threads\page-60.dat was just deleted.
[Test worker] INFO com.ctriposs.bigmap.page.MappedPageFactoryImpl - Page file d:/bigmap_test/bigmap/unit/mapped_page_factory_test/test_multi_threads\page-68.dat was just deleted.
[Test worker] INFO com.ctriposs.bigmap.page.MappedPageFactoryImpl - Page file d:/bigmap_test/bigmap/unit/mapped_page_factory_test/test_multi_threads\page-69.dat was just deleted.
[Test worker] INFO com.ctriposs.bigmap.page.MappedPageFactoryImpl - Page file d:/bigmap_test/bigmap/unit/mapped_page_factory_test/test_multi_threads\page-70.dat was just deleted.
[Test worker] INFO com.ctriposs.bigmap.page.MappedPageFactoryImpl - Page file d:/bigmap_test/bigmap/unit/mapped_page_factory_test/test_multi_threads\page-71.dat was just deleted.
[Test worker] INFO com.ctriposs.bigmap.page.MappedPageFactoryImpl - Page file d:/bigmap_test/bigmap/unit/mapped_page_factory_test/test_multi_threads\page-64.dat was just deleted.
[Test worker] INFO com.ctriposs.bigmap.page.MappedPageFactoryImpl - Page file d:/bigmap_test/bigmap/unit/mapped_page_factory_test/test_multi_threads\page-65.dat was just deleted.
[Test worker] INFO com.ctriposs.bigmap.page.MappedPageFactoryImpl - Page file d:/bigmap_test/bigmap/unit/mapped_page_factory_test/test_multi_threads\page-66.dat was just deleted.
[Test worker] INFO com.ctriposs.bigmap.page.MappedPageFactoryImpl - Page file d:/bigmap_test/bigmap/unit/mapped_page_factory_test/test_multi_threads\page-67.dat was just deleted.
[Test worker] INFO com.ctriposs.bigmap.page.MappedPageFactoryImpl - Page file d:/bigmap_test/bigmap/unit/mapped_page_factory_test/test_multi_threads\page-76.dat was just deleted.
[Test worker] INFO com.ctriposs.bigmap.page.MappedPageFactoryImpl - Page file d:/bigmap_test/bigmap/unit/mapped_page_factory_test/test_multi_threads\page-77.dat was just deleted.
[Test worker] INFO com.ctriposs.bigmap.page.MappedPageFactoryImpl - Page file d:/bigmap_test/bigmap/unit/mapped_page_factory_test/test_multi_threads\page-78.dat was just deleted.
[Test worker] INFO com.ctriposs.bigmap.page.MappedPageFactoryImpl - Page file d:/bigmap_test/bigmap/unit/mapped_page_factory_test/test_multi_threads\page-79.dat was just deleted.
[Test worker] INFO com.ctriposs.bigmap.page.MappedPageFactoryImpl - Page file d:/bigmap_test/bigmap/unit/mapped_page_factory_test/test_multi_threads\page-72.dat was just deleted.
[Test worker] INFO com.ctriposs.bigmap.page.MappedPageFactoryImpl - Page file d:/bigmap_test/bigmap/unit/mapped_page_factory_test/test_multi_threads\page-73.dat was just deleted.
[Test worker] INFO com.ctriposs.bigmap.page.MappedPageFactoryImpl - Page file d:/bigmap_test/bigmap/unit/mapped_page_factory_test/test_multi_threads\page-74.dat was just deleted.
[Test worker] INFO com.ctriposs.bigmap.page.MappedPageFactoryImpl - Page file d:/bigmap_test/bigmap/unit/mapped_page_factory_test/test_multi_threads\page-75.dat was just deleted.
[Test worker] INFO com.ctriposs.bigmap.page.MappedPageFactoryImpl - Page file d:/bigmap_test/bigmap/unit/mapped_page_factory_test/test_multi_threads\page-85.dat was just deleted.
[Test worker] INFO com.ctriposs.bigmap.page.MappedPageFactoryImpl - Page file d:/bigmap_test/bigmap/unit/mapped_page_factory_test/test_multi_threads\page-84.dat was just deleted.
[Test worker] INFO com.ctriposs.bigmap.page.MappedPageFactoryImpl - Page file d:/bigmap_test/bigmap/unit/mapped_page_factory_test/test_multi_threads\page-87.dat was just deleted.
[Test worker] INFO com.ctriposs.bigmap.page.MappedPageFactoryImpl - Page file d:/bigmap_test/bigmap/unit/mapped_page_factory_test/test_multi_threads\page-86.dat was just deleted.
[Test worker] INFO com.ctriposs.bigmap.page.MappedPageFactoryImpl - Page file d:/bigmap_test/bigmap/unit/mapped_page_factory_test/test_multi_threads\page-81.dat was just deleted.
[Test worker] INFO com.ctriposs.bigmap.page.MappedPageFactoryImpl - Page file d:/bigmap_test/bigmap/unit/mapped_page_factory_test/test_multi_threads\page-80.dat was just deleted.
[Test worker] INFO com.ctriposs.bigmap.page.MappedPageFactoryImpl - Page file d:/bigmap_test/bigmap/unit/mapped_page_factory_test/test_multi_threads\page-83.dat was just deleted.
[Test worker] INFO com.ctriposs.bigmap.page.MappedPageFactoryImpl - Page file d:/bigmap_test/bigmap/unit/mapped_page_factory_test/test_multi_threads\page-82.dat was just deleted.
[Test worker] INFO com.ctriposs.bigmap.page.MappedPageFactoryImpl - Page file d:/bigmap_test/bigmap/unit/mapped_page_factory_test/test_multi_threads\page-93.dat was just deleted.
[Test worker] INFO com.ctriposs.bigmap.page.MappedPageFactoryImpl - Page file d:/bigmap_test/bigmap/unit/mapped_page_factory_test/test_multi_threads\page-92.dat was just deleted.
[Test worker] INFO com.ctriposs.bigmap.page.MappedPageFactoryImpl - Page file d:/bigmap_test/bigmap/unit/mapped_page_factory_test/test_multi_threads\page-95.dat was just deleted.
[Test worker] INFO com.ctriposs.bigmap.page.MappedPageFactoryImpl - Page file d:/bigmap_test/bigmap/unit/mapped_page_factory_test/test_multi_threads\page-94.dat was just deleted.
[Test worker] INFO com.ctriposs.bigmap.page.MappedPageFactoryImpl - Page file d:/bigmap_test/bigmap/unit/mapped_page_factory_test/test_multi_threads\page-89.dat was just deleted.
[Test worker] INFO com.ctriposs.bigmap.page.MappedPageFactoryImpl - Page file d:/bigmap_test/bigmap/unit/mapped_page_factory_test/test_multi_threads\page-88.dat was just deleted.
[Test worker] INFO com.ctriposs.bigmap.page.MappedPageFactoryImpl - Page file d:/bigmap_test/bigmap/unit/mapped_page_factory_test/test_multi_threads\page-91.dat was just deleted.
[Test worker] INFO com.ctriposs.bigmap.page.MappedPageFactoryImpl - Page file d:/bigmap_test/bigmap/unit/mapped_page_factory_test/test_multi_threads\page-90.dat was just deleted.
[Test worker] INFO com.ctriposs.bigmap.page.MappedPageFactoryImpl - Page file d:/bigmap_test/bigmap/unit/mapped_page_factory_test/test_multi_threads\page-102.dat was just deleted.
[Test worker] INFO com.ctriposs.bigmap.page.MappedPageFactoryImpl - Page file d:/bigmap_test/bigmap/unit/mapped_page_factory_test/test_multi_threads\page-103.dat was just deleted.
[Test worker] INFO com.ctriposs.bigmap.page.MappedPageFactoryImpl - Page file d:/bigmap_test/bigmap/unit/mapped_page_factory_test/test_multi_threads\page-100.dat was just deleted.
[Test worker] INFO com.ctriposs.bigmap.page.MappedPageFactoryImpl - Page file d:/bigmap_test/bigmap/unit/mapped_page_factory_test/test_multi_threads\page-101.dat was just deleted.
[Test worker] INFO com.ctriposs.bigmap.page.MappedPageFactoryImpl - Page file d:/bigmap_test/bigmap/unit/mapped_page_factory_test/test_multi_threads\page-98.dat was just deleted.
[Test worker] INFO com.ctriposs.bigmap.page.MappedPageFactoryImpl - Page file d:/bigmap_test/bigmap/unit/mapped_page_factory_test/test_multi_threads\page-99.dat was just deleted.
[Test worker] INFO com.ctriposs.bigmap.page.MappedPageFactoryImpl - Page file d:/bigmap_test/bigmap/unit/mapped_page_factory_test/test_multi_threads\page-96.dat was just deleted.
[Test worker] INFO com.ctriposs.bigmap.page.MappedPageFactoryImpl - Page file d:/bigmap_test/bigmap/unit/mapped_page_factory_test/test_multi_threads\page-97.dat was just deleted.
[Test worker] INFO com.ctriposs.bigmap.page.MappedPageFactoryImpl - Page file d:/bigmap_test/bigmap/unit/mapped_page_factory_test/test_multi_threads\page-110.dat was just deleted.
[Test worker] INFO com.ctriposs.bigmap.page.MappedPageFactoryImpl - Page file d:/bigmap_test/bigmap/unit/mapped_page_factory_test/test_multi_threads\page-111.dat was just deleted.
[Test worker] INFO com.ctriposs.bigmap.page.MappedPageFactoryImpl - Page file d:/bigmap_test/bigmap/unit/mapped_page_factory_test/test_multi_threads\page-108.dat was just deleted.
[Test worker] INFO com.ctriposs.bigmap.page.MappedPageFactoryImpl - Page file d:/bigmap_test/bigmap/unit/mapped_page_factory_test/test_multi_threads\page-109.dat was just deleted.
[Test worker] INFO com.ctriposs.bigmap.page.MappedPageFactoryImpl - Page file d:/bigmap_test/bigmap/unit/mapped_page_factory_test/test_multi_threads\page-106.dat was just deleted.
[Test worker] INFO com.ctriposs.bigmap.page.MappedPageFactoryImpl - Page file d:/bigmap_test/bigmap/unit/mapped_page_factory_test/test_multi_threads\page-107.dat was just deleted.
[Test worker] INFO com.ctriposs.bigmap.page.MappedPageFactoryImpl - Page file d:/bigmap_test/bigmap/unit/mapped_page_factory_test/test_multi_threads\page-104.dat was just deleted.
[Test worker] INFO com.ctriposs.bigmap.page.MappedPageFactoryImpl - Page file d:/bigmap_test/bigmap/unit/mapped_page_factory_test/test_multi_threads\page-105.dat was just deleted.
[Test worker] INFO com.ctriposs.bigmap.page.MappedPageFactoryImpl - Page file d:/bigmap_test/bigmap/unit/mapped_page_factory_test/test_multi_threads\page-119.dat was just deleted.
[Test worker] INFO com.ctriposs.bigmap.page.MappedPageFactoryImpl - Page file d:/bigmap_test/bigmap/unit/mapped_page_factory_test/test_multi_threads\page-118.dat was just deleted.
[Test worker] INFO com.ctriposs.bigmap.page.MappedPageFactoryImpl - Page file d:/bigmap_test/bigmap/unit/mapped_page_factory_test/test_multi_threads\page-117.dat was just deleted.
[Test worker] INFO com.ctriposs.bigmap.page.MappedPageFactoryImpl - Page file d:/bigmap_test/bigmap/unit/mapped_page_factory_test/test_multi_threads\page-116.dat was just deleted.
[Test worker] INFO com.ctriposs.bigmap.page.MappedPageFactoryImpl - Page file d:/bigmap_test/bigmap/unit/mapped_page_factory_test/test_multi_threads\page-115.dat was just deleted.
[Test worker] INFO com.ctriposs.bigmap.page.MappedPageFactoryImpl - Page file d:/bigmap_test/bigmap/unit/mapped_page_factory_test/test_multi_threads\page-114.dat was just deleted.
[Test worker] INFO com.ctriposs.bigmap.page.MappedPageFactoryImpl - Page file d:/bigmap_test/bigmap/unit/mapped_page_factory_test/test_multi_threads\page-113.dat was just deleted.
[Test worker] INFO com.ctriposs.bigmap.page.MappedPageFactoryImpl - Page file d:/bigmap_test/bigmap/unit/mapped_page_factory_test/test_multi_threads\page-112.dat was just deleted.
[Test worker] INFO com.ctriposs.bigmap.page.MappedPageFactoryImpl - Page file d:/bigmap_test/bigmap/unit/mapped_page_factory_test/test_multi_threads\page-127.dat was just deleted.
[Test worker] INFO com.ctriposs.bigmap.page.MappedPageFactoryImpl - Page file d:/bigmap_test/bigmap/unit/mapped_page_factory_test/test_multi_threads\page-126.dat was just deleted.
[Test worker] INFO com.ctriposs.bigmap.page.MappedPageFactoryImpl - Page file d:/bigmap_test/bigmap/unit/mapped_page_factory_test/test_multi_threads\page-125.dat was just deleted.
[Test worker] INFO com.ctriposs.bigmap.page.MappedPageFactoryImpl - Page file d:/bigmap_test/bigmap/unit/mapped_page_factory_test/test_multi_threads\page-124.dat was just deleted.
[Test worker] INFO com.ctriposs.bigmap.page.MappedPageFactoryImpl - Page file d:/bigmap_test/bigmap/unit/mapped_page_factory_test/test_multi_threads\page-123.dat was just deleted.
[Test worker] INFO com.ctriposs.bigmap.page.MappedPageFactoryImpl - Page file d:/bigmap_test/bigmap/unit/mapped_page_factory_test/test_multi_threads\page-122.dat was just deleted.
[Test worker] INFO com.ctriposs.bigmap.page.MappedPageFactoryImpl - Page file d:/bigmap_test/bigmap/unit/mapped_page_factory_test/test_multi_threads\page-121.dat was just deleted.
[Test worker] INFO com.ctriposs.bigmap.page.MappedPageFactoryImpl - Page file d:/bigmap_test/bigmap/unit/mapped_page_factory_test/test_multi_threads\page-120.dat was just deleted.
[Test worker] INFO com.ctriposs.bigmap.page.MappedPageFactoryImpl - Page file d:/bigmap_test/bigmap/unit/mapped_page_factory_test/test_multi_threads\page-137.dat was just deleted.
[Test worker] INFO com.ctriposs.bigmap.page.MappedPageFactoryImpl - Page file d:/bigmap_test/bigmap/unit/mapped_page_factory_test/test_multi_threads\page-136.dat was just deleted.
[Test worker] INFO com.ctriposs.bigmap.page.MappedPageFactoryImpl - Page file d:/bigmap_test/bigmap/unit/mapped_page_factory_test/test_multi_threads\page-139.dat was just deleted.
[Test worker] INFO com.ctriposs.bigmap.page.MappedPageFactoryImpl - Page file d:/bigmap_test/bigmap/unit/mapped_page_factory_test/test_multi_threads\page-138.dat was just deleted.
[Test worker] INFO com.ctriposs.bigmap.page.MappedPageFactoryImpl - Page file d:/bigmap_test/bigmap/unit/mapped_page_factory_test/test_multi_threads\page-141.dat was just deleted.
[Test worker] INFO com.ctriposs.bigmap.page.MappedPageFactoryImpl - Page file d:/bigmap_test/bigmap/unit/mapped_page_factory_test/test_multi_threads\page-140.dat was just deleted.
[Test worker] INFO com.ctriposs.bigmap.page.MappedPageFactoryImpl - Page file d:/bigmap_test/bigmap/unit/mapped_page_factory_test/test_multi_threads\page-143.dat was just deleted.
[Test worker] INFO com.ctriposs.bigmap.page.MappedPageFactoryImpl - Page file d:/bigmap_test/bigmap/unit/mapped_page_factory_test/test_multi_threads\page-142.dat was just deleted.
[Test worker] INFO com.ctriposs.bigmap.page.MappedPageFactoryImpl - Page file d:/bigmap_test/bigmap/unit/mapped_page_factory_test/test_multi_threads\page-129.dat was just deleted.
[Test worker] INFO com.ctriposs.bigmap.page.MappedPageFactoryImpl - Page file d:/bigmap_test/bigmap/unit/mapped_page_factory_test/test_multi_threads\page-128.dat was just deleted.
[Test worker] INFO com.ctriposs.bigmap.page.MappedPageFactoryImpl - Page file d:/bigmap_test/bigmap/unit/mapped_page_factory_test/test_multi_threads\page-131.dat was just deleted.
[Test worker] INFO com.ctriposs.bigmap.page.MappedPageFactoryImpl - Page file d:/bigmap_test/bigmap/unit/mapped_page_factory_test/test_multi_threads\page-130.dat was just deleted.
[Test worker] INFO com.ctriposs.bigmap.page.MappedPageFactoryImpl - Page file d:/bigmap_test/bigmap/unit/mapped_page_factory_test/test_multi_threads\page-133.dat was just deleted.
[Test worker] INFO com.ctriposs.bigmap.page.MappedPageFactoryImpl - Page file d:/bigmap_test/bigmap/unit/mapped_page_factory_test/test_multi_threads\page-132.dat was just deleted.
[Test worker] INFO com.ctriposs.bigmap.page.MappedPageFactoryImpl - Page file d:/bigmap_test/bigmap/unit/mapped_page_factory_test/test_multi_threads\page-135.dat was just deleted.
[Test worker] INFO com.ctriposs.bigmap.page.MappedPageFactoryImpl - Page file d:/bigmap_test/bigmap/unit/mapped_page_factory_test/test_multi_threads\page-134.dat was just deleted.
[Test worker] INFO com.ctriposs.bigmap.page.MappedPageFactoryImpl - Page file d:/bigmap_test/bigmap/unit/mapped_page_factory_test/test_multi_threads\page-152.dat was just deleted.
[Test worker] INFO com.ctriposs.bigmap.page.MappedPageFactoryImpl - Page file d:/bigmap_test/bigmap/unit/mapped_page_factory_test/test_multi_threads\page-153.dat was just deleted.
[Test worker] INFO com.ctriposs.bigmap.page.MappedPageFactoryImpl - Page file d:/bigmap_test/bigmap/unit/mapped_page_factory_test/test_multi_threads\page-154.dat was just deleted.
[Test worker] INFO com.ctriposs.bigmap.page.MappedPageFactoryImpl - Page file d:/bigmap_test/bigmap/unit/mapped_page_factory_test/test_multi_threads\page-155.dat was just deleted.
[Test worker] INFO com.ctriposs.bigmap.page.MappedPageFactoryImpl - Page file d:/bigmap_test/bigmap/unit/mapped_page_factory_test/test_multi_threads\page-156.dat was just deleted.
[Test worker] INFO com.ctriposs.bigmap.page.MappedPageFactoryImpl - Page file d:/bigmap_test/bigmap/unit/mapped_page_factory_test/test_multi_threads\page-157.dat was just deleted.
[Test worker] INFO com.ctriposs.bigmap.page.MappedPageFactoryImpl - Page file d:/bigmap_test/bigmap/unit/mapped_page_factory_test/test_multi_threads\page-158.dat was just deleted.
[Test worker] INFO com.ctriposs.bigmap.page.MappedPageFactoryImpl - Page file d:/bigmap_test/bigmap/unit/mapped_page_factory_test/test_multi_threads\page-159.dat was just deleted.
[Test worker] INFO com.ctriposs.bigmap.page.MappedPageFactoryImpl - Page file d:/bigmap_test/bigmap/unit/mapped_page_factory_test/test_multi_threads\page-144.dat was just deleted.
[Test worker] INFO com.ctriposs.bigmap.page.MappedPageFactoryImpl - Page file d:/bigmap_test/bigmap/unit/mapped_page_factory_test/test_multi_threads\page-145.dat was just deleted.
[Test worker] INFO com.ctriposs.bigmap.page.MappedPageFactoryImpl - Page file d:/bigmap_test/bigmap/unit/mapped_page_factory_test/test_multi_threads\page-146.dat was just deleted.
[Test worker] INFO com.ctriposs.bigmap.page.MappedPageFactoryImpl - Page file d:/bigmap_test/bigmap/unit/mapped_page_factory_test/test_multi_threads\page-147.dat was just deleted.
[Test worker] INFO com.ctriposs.bigmap.page.MappedPageFactoryImpl - Page file d:/bigmap_test/bigmap/unit/mapped_page_factory_test/test_multi_threads\page-148.dat was just deleted.
[Test worker] INFO com.ctriposs.bigmap.page.MappedPageFactoryImpl - Page file d:/bigmap_test/bigmap/unit/mapped_page_factory_test/test_multi_threads\page-149.dat was just deleted.
[Test worker] INFO com.ctriposs.bigmap.page.MappedPageFactoryImpl - Page file d:/bigmap_test/bigmap/unit/mapped_page_factory_test/test_multi_threads\page-150.dat was just deleted.
[Test worker] INFO com.ctriposs.bigmap.page.MappedPageFactoryImpl - Page file d:/bigmap_test/bigmap/unit/mapped_page_factory_test/test_multi_threads\page-151.dat was just deleted.
[Test worker] INFO com.ctriposs.bigmap.page.MappedPageFactoryImpl - Page file d:/bigmap_test/bigmap/unit/mapped_page_factory_test/test_multi_threads\page-171.dat was just deleted.
[Test worker] INFO com.ctriposs.bigmap.page.MappedPageFactoryImpl - Page file d:/bigmap_test/bigmap/unit/mapped_page_factory_test/test_multi_threads\page-170.dat was just deleted.
[Test worker] INFO com.ctriposs.bigmap.page.MappedPageFactoryImpl - Page file d:/bigmap_test/bigmap/unit/mapped_page_factory_test/test_multi_threads\page-169.dat was just deleted.
[Test worker] INFO com.ctriposs.bigmap.page.MappedPageFactoryImpl - Page file d:/bigmap_test/bigmap/unit/mapped_page_factory_test/test_multi_threads\page-168.dat was just deleted.
[Test worker] INFO com.ctriposs.bigmap.page.MappedPageFactoryImpl - Page file d:/bigmap_test/bigmap/unit/mapped_page_factory_test/test_multi_threads\page-175.dat was just deleted.
[Test worker] INFO com.ctriposs.bigmap.page.MappedPageFactoryImpl - Page file d:/bigmap_test/bigmap/unit/mapped_page_factory_test/test_multi_threads\page-174.dat was just deleted.
[Test worker] INFO com.ctriposs.bigmap.page.MappedPageFactoryImpl - Page file d:/bigmap_test/bigmap/unit/mapped_page_factory_test/test_multi_threads\page-173.dat was just deleted.
[Test worker] INFO com.ctriposs.bigmap.page.MappedPageFactoryImpl - Page file d:/bigmap_test/bigmap/unit/mapped_page_factory_test/test_multi_threads\page-172.dat was just deleted.
[Test worker] INFO com.ctriposs.bigmap.page.MappedPageFactoryImpl - Page file d:/bigmap_test/bigmap/unit/mapped_page_factory_test/test_multi_threads\page-163.dat was just deleted.
[Test worker] INFO com.ctriposs.bigmap.page.MappedPageFactoryImpl - Page file d:/bigmap_test/bigmap/unit/mapped_page_factory_test/test_multi_threads\page-162.dat was just deleted.
[Test worker] INFO com.ctriposs.bigmap.page.MappedPageFactoryImpl - Page file d:/bigmap_test/bigmap/unit/mapped_page_factory_test/test_multi_threads\page-161.dat was just deleted.
[Test worker] INFO com.ctriposs.bigmap.page.MappedPageFactoryImpl - Page file d:/bigmap_test/bigmap/unit/mapped_page_factory_test/test_multi_threads\page-160.dat was just deleted.
[Test worker] INFO com.ctriposs.bigmap.page.MappedPageFactoryImpl - Page file d:/bigmap_test/bigmap/unit/mapped_page_factory_test/test_multi_threads\page-167.dat was just deleted.
[Test worker] INFO com.ctriposs.bigmap.page.MappedPageFactoryImpl - Page file d:/bigmap_test/bigmap/unit/mapped_page_factory_test/test_multi_threads\page-166.dat was just deleted.
[Test worker] INFO com.ctriposs.bigmap.page.MappedPageFactoryImpl - Page file d:/bigmap_test/bigmap/unit/mapped_page_factory_test/test_multi_threads\page-165.dat was just deleted.
[Test worker] INFO com.ctriposs.bigmap.page.MappedPageFactoryImpl - Page file d:/bigmap_test/bigmap/unit/mapped_page_factory_test/test_multi_threads\page-164.dat was just deleted.
[Test worker] INFO com.ctriposs.bigmap.page.MappedPageFactoryImpl - Page file d:/bigmap_test/bigmap/unit/mapped_page_factory_test/test_multi_threads\page-186.dat was just deleted.
[Test worker] INFO com.ctriposs.bigmap.page.MappedPageFactoryImpl - Page file d:/bigmap_test/bigmap/unit/mapped_page_factory_test/test_multi_threads\page-187.dat was just deleted.
[Test worker] INFO com.ctriposs.bigmap.page.MappedPageFactoryImpl - Page file d:/bigmap_test/bigmap/unit/mapped_page_factory_test/test_multi_threads\page-184.dat was just deleted.
[Test worker] INFO com.ctriposs.bigmap.page.MappedPageFactoryImpl - Page file d:/bigmap_test/bigmap/unit/mapped_page_factory_test/test_multi_threads\page-185.dat was just deleted.
[Test worker] INFO com.ctriposs.bigmap.page.MappedPageFactoryImpl - Page file d:/bigmap_test/bigmap/unit/mapped_page_factory_test/test_multi_threads\page-190.dat was just deleted.
[Test worker] INFO com.ctriposs.bigmap.page.MappedPageFactoryImpl - Page file d:/bigmap_test/bigmap/unit/mapped_page_factory_test/test_multi_threads\page-191.dat was just deleted.
[Test worker] INFO com.ctriposs.bigmap.page.MappedPageFactoryImpl - Page file d:/bigmap_test/bigmap/unit/mapped_page_factory_test/test_multi_threads\page-188.dat was just deleted.
[Test worker] INFO com.ctriposs.bigmap.page.MappedPageFactoryImpl - Page file d:/bigmap_test/bigmap/unit/mapped_page_factory_test/test_multi_threads\page-189.dat was just deleted.
[Test worker] INFO com.ctriposs.bigmap.page.MappedPageFactoryImpl - Page file d:/bigmap_test/bigmap/unit/mapped_page_factory_test/test_multi_threads\page-178.dat was just deleted.
[Test worker] INFO com.ctriposs.bigmap.page.MappedPageFactoryImpl - Page file d:/bigmap_test/bigmap/unit/mapped_page_factory_test/test_multi_threads\page-179.dat was just deleted.
[Test worker] INFO com.ctriposs.bigmap.page.MappedPageFactoryImpl - Page file d:/bigmap_test/bigmap/unit/mapped_page_factory_test/test_multi_threads\page-176.dat was just deleted.
[Test worker] INFO com.ctriposs.bigmap.page.MappedPageFactoryImpl - Page file d:/bigmap_test/bigmap/unit/mapped_page_factory_test/test_multi_threads\page-177.dat was just deleted.
[Test worker] INFO com.ctriposs.bigmap.page.MappedPageFactoryImpl - Page file d:/bigmap_test/bigmap/unit/mapped_page_factory_test/test_multi_threads\page-182.dat was just deleted.
[Test worker] INFO com.ctriposs.bigmap.page.MappedPageFactoryImpl - Page file d:/bigmap_test/bigmap/unit/mapped_page_factory_test/test_multi_threads\page-183.dat was just deleted.
[Test worker] INFO com.ctriposs.bigmap.page.MappedPageFactoryImpl - Page file d:/bigmap_test/bigmap/unit/mapped_page_factory_test/test_multi_threads\page-180.dat was just deleted.
[Test worker] INFO com.ctriposs.bigmap.page.MappedPageFactoryImpl - Page file d:/bigmap_test/bigmap/unit/mapped_page_factory_test/test_multi_threads\page-181.dat was just deleted.
[Test worker] INFO com.ctriposs.bigmap.page.MappedPageFactoryImpl - Page file d:/bigmap_test/bigmap/unit/mapped_page_factory_test/test_multi_threads\page-197.dat was just deleted.
[Test worker] INFO com.ctriposs.bigmap.page.MappedPageFactoryImpl - Page file d:/bigmap_test/bigmap/unit/mapped_page_factory_test/test_multi_threads\page-196.dat was just deleted.
[Test worker] INFO com.ctriposs.bigmap.page.MappedPageFactoryImpl - Page file d:/bigmap_test/bigmap/unit/mapped_page_factory_test/test_multi_threads\page-199.dat was just deleted.
[Test worker] INFO com.ctriposs.bigmap.page.MappedPageFactoryImpl - Page file d:/bigmap_test/bigmap/unit/mapped_page_factory_test/test_multi_threads\page-198.dat was just deleted.
[Test worker] INFO com.ctriposs.bigmap.page.MappedPageFactoryImpl - Page file d:/bigmap_test/bigmap/unit/mapped_page_factory_test/test_multi_threads\page-193.dat was just deleted.
[Test worker] INFO com.ctriposs.bigmap.page.MappedPageFactoryImpl - Page file d:/bigmap_test/bigmap/unit/mapped_page_factory_test/test_multi_threads\page-192.dat was just deleted.
[Test worker] INFO com.ctriposs.bigmap.page.MappedPageFactoryImpl - Page file d:/bigmap_test/bigmap/unit/mapped_page_factory_test/test_multi_threads\page-195.dat was just deleted.
[Test worker] INFO com.ctriposs.bigmap.page.MappedPageFactoryImpl - Page file d:/bigmap_test/bigmap/unit/mapped_page_factory_test/test_multi_threads\page-194.dat was just deleted.
]]></system-err>
</testsuite>
