<?xml version="1.1" encoding="UTF-8"?>
<testsuite name="com.ctriposs.bigmap.MapEntryFactoryTest" tests="7" failures="0" errors="0" timestamp="1970-01-01T00:00:00" hostname="N9OL8YY4Y96NIBY" time="1.390498534056E9">
  <properties/>
  <testcase name="TestAcquireAndRelease" classname="com.ctriposs.bigmap.MapEntryFactoryTest" time="0.023"/>
  <testcase name="TestAcquireAndReleaseBigSize" classname="com.ctriposs.bigmap.MapEntryFactoryTest" time="0.748"/>
  <testcase name="TestAcquireAndReleaseRandomSize" classname="com.ctriposs.bigmap.MapEntryFactoryTest" time="0.046"/>
  <testcase name="TestAcquiredAndReleaseDifferentSize" classname="com.ctriposs.bigmap.MapEntryFactoryTest" time="0.034"/>
  <testcase name="TestAcquireInvalidSize" classname="com.ctriposs.bigmap.MapEntryFactoryTest" time="0.022"/>
  <testcase name="TestAcquireAndReleaseSameSize" classname="com.ctriposs.bigmap.MapEntryFactoryTest" time="0.021"/>
  <testcase name="TestMultiThreading" classname="com.ctriposs.bigmap.MapEntryFactoryTest" time="15.121"/>
  <system-out><![CDATA[mapEntryPool.getFreeEntryIndexSet().size() = 407
mapEntryPool.getTotalExatchMatchReuseCounter() = 76
mapEntryPool.getTotalApproximateMatchReuseCounter() = 255516
mapEntryPool.getTotalAcquireNewCounter() = 408
]]></system-out>
  <system-err><![CDATA[[Test worker] INFO com.ctriposs.bigmap.page.MappedPageFactoryImpl - Page file d:/bigmap_test/bigmap/unit/map_entry_pool_test\acquireAndReleaseTest\index\page-0.dat was just deleted.
[Test worker] INFO com.ctriposs.bigmap.page.MappedPageFactoryImpl - Page file d:/bigmap_test/bigmap/unit/map_entry_pool_test\acquireAndReleaseTest\meta_data\page-0.dat was just deleted.
[Test worker] INFO com.ctriposs.bigmap.page.MappedPageFactoryImpl - Page file d:/bigmap_test/bigmap/unit/map_entry_pool_test\TestAcquireAndReleaseBigSize\index\page-0.dat was just deleted.
[Test worker] INFO com.ctriposs.bigmap.page.MappedPageFactoryImpl - Page file d:/bigmap_test/bigmap/unit/map_entry_pool_test\TestAcquireAndReleaseBigSize\meta_data\page-0.dat was just deleted.
[Test worker] INFO com.ctriposs.bigmap.page.MappedPageFactoryImpl - Page file d:/bigmap_test/bigmap/unit/map_entry_pool_test\TestAcquireAndReleaseRandomSize\index\page-0.dat was just deleted.
[Test worker] INFO com.ctriposs.bigmap.page.MappedPageFactoryImpl - Page file d:/bigmap_test/bigmap/unit/map_entry_pool_test\TestAcquireAndReleaseRandomSize\meta_data\page-0.dat was just deleted.
[Test worker] INFO com.ctriposs.bigmap.page.MappedPageFactoryImpl - Page file d:/bigmap_test/bigmap/unit/map_entry_pool_test\TestAcquiredAndReleaseDifferentSize\index\page-0.dat was just deleted.
[Test worker] INFO com.ctriposs.bigmap.page.MappedPageFactoryImpl - Page file d:/bigmap_test/bigmap/unit/map_entry_pool_test\TestAcquiredAndReleaseDifferentSize\meta_data\page-0.dat was just deleted.
[Test worker] INFO com.ctriposs.bigmap.page.MappedPageFactoryImpl - Page file d:/bigmap_test/bigmap/unit/map_entry_pool_test\TestAcquireInvalidSize\index\page-0.dat was just deleted.
[Test worker] INFO com.ctriposs.bigmap.page.MappedPageFactoryImpl - Page file d:/bigmap_test/bigmap/unit/map_entry_pool_test\TestAcquireInvalidSize\meta_data\page-0.dat was just deleted.
[Test worker] INFO com.ctriposs.bigmap.page.MappedPageFactoryImpl - Page file d:/bigmap_test/bigmap/unit/map_entry_pool_test\TestAcquireAndReleaseSameSize\index\page-0.dat was just deleted.
[Test worker] INFO com.ctriposs.bigmap.page.MappedPageFactoryImpl - Page file d:/bigmap_test/bigmap/unit/map_entry_pool_test\TestAcquireAndReleaseSameSize\meta_data\page-0.dat was just deleted.
[Test worker] INFO com.ctriposs.bigmap.page.MappedPageFactoryImpl - Page file d:/bigmap_test/bigmap/unit/map_entry_pool_test\TestMultiThreading\index\page-0.dat was just deleted.
[Test worker] INFO com.ctriposs.bigmap.page.MappedPageFactoryImpl - Page file d:/bigmap_test/bigmap/unit/map_entry_pool_test\TestMultiThreading\meta_data\page-0.dat was just deleted.
]]></system-err>
</testsuite>
