<?xml version="1.1" encoding="UTF-8"?>
<testsuite name="com.ctriposs.bigmap.BigConcurrentHashMapTest" tests="19" failures="0" errors="0" timestamp="2014-01-23T17:35:15" hostname="N9OL8YY4Y96NIBY" time="2.144">
  <properties/>
  <testcase name="testGet" classname="com.ctriposs.bigmap.BigConcurrentHashMapTest" time="0.209"/>
  <testcase name="testReplaceValue2" classname="com.ctriposs.bigmap.BigConcurrentHashMapTest" time="0.038"/>
  <testcase name="testClear" classname="com.ctriposs.bigmap.BigConcurrentHashMapTest" time="0.045"/>
  <testcase name="testLoop" classname="com.ctriposs.bigmap.BigConcurrentHashMapTest" time="0.025"/>
  <testcase name="testSize" classname="com.ctriposs.bigmap.BigConcurrentHashMapTest" time="0.033"/>
  <testcase name="testConstructor1" classname="com.ctriposs.bigmap.BigConcurrentHashMapTest" time="0.0"/>
  <testcase name="testConstructor2" classname="com.ctriposs.bigmap.BigConcurrentHashMapTest" time="0.0"/>
  <testcase name="testConstructor3" classname="com.ctriposs.bigmap.BigConcurrentHashMapTest" time="0.0"/>
  <testcase name="testContainsKey" classname="com.ctriposs.bigmap.BigConcurrentHashMapTest" time="0.023"/>
  <testcase name="testPutIfAbsent" classname="com.ctriposs.bigmap.BigConcurrentHashMapTest" time="0.018"/>
  <testcase name="testReplace2" classname="com.ctriposs.bigmap.BigConcurrentHashMapTest" time="0.016"/>
  <testcase name="testPutIfAbsent2" classname="com.ctriposs.bigmap.BigConcurrentHashMapTest" time="0.016"/>
  <testcase name="testRemove2" classname="com.ctriposs.bigmap.BigConcurrentHashMapTest" time="0.02"/>
  <testcase name="testReplace" classname="com.ctriposs.bigmap.BigConcurrentHashMapTest" time="0.023"/>
  <testcase name="testConcurrency" classname="com.ctriposs.bigmap.BigConcurrentHashMapTest" time="1.586"/>
  <testcase name="testContainsValue_NullPointerException" classname="com.ctriposs.bigmap.BigConcurrentHashMapTest" time="0.028"/>
  <testcase name="testReplaceValue" classname="com.ctriposs.bigmap.BigConcurrentHashMapTest" time="0.017"/>
  <testcase name="testIsEmpty" classname="com.ctriposs.bigmap.BigConcurrentHashMapTest" time="0.016"/>
  <testcase name="testRemove" classname="com.ctriposs.bigmap.BigConcurrentHashMapTest" time="0.023"/>
  <system-out><![CDATA[Time to insert: 621ms.
Time to insert: 640ms.
Mismatch :0
Time to read: 213 ms.
]]></system-out>
  <system-err><![CDATA[]]></system-err>
</testsuite>
